<?xml version="1.0" encoding="UTF-8"?>
<coverage generated="1733581213326" clover="3.2.0">
  <project timestamp="1733581213326" name="All files">
    <metrics statements="479" coveredstatements="22" conditionals="140" coveredconditionals="6" methods="81" coveredmethods="5" elements="700" coveredelements="33" complexity="0" loc="479" ncloc="479" packages="1" files="3" classes="3"/>
    <file name="home.js" path="C:\Users\Equipo\OneDrive\Escritorio\prueba\PUKO_Front\js\home.js">
      <metrics statements="36" coveredstatements="22" conditionals="12" coveredconditionals="6" methods="8" coveredmethods="5"/>
      <line num="1" count="1" type="stmt"/>
      <line num="2" count="1" type="stmt"/>
      <line num="3" count="1" type="stmt"/>
      <line num="4" count="1" type="stmt"/>
      <line num="5" count="1" type="stmt"/>
      <line num="6" count="1" type="stmt"/>
      <line num="7" count="1" type="stmt"/>
      <line num="8" count="1" type="stmt"/>
      <line num="9" count="1" type="stmt"/>
      <line num="10" count="1" type="stmt"/>
      <line num="11" count="1" type="stmt"/>
      <line num="14" count="1" type="cond" truecount="2" falsecount="2"/>
      <line num="15" count="0" type="stmt"/>
      <line num="16" count="0" type="cond" truecount="0" falsecount="2"/>
      <line num="17" count="0" type="stmt"/>
      <line num="18" count="0" type="stmt"/>
      <line num="20" count="0" type="stmt"/>
      <line num="21" count="0" type="stmt"/>
      <line num="26" count="0" type="stmt"/>
      <line num="27" count="0" type="stmt"/>
      <line num="28" count="0" type="stmt"/>
      <line num="32" count="1" type="stmt"/>
      <line num="45" count="1" type="cond" truecount="1" falsecount="1"/>
      <line num="46" count="1" type="stmt"/>
      <line num="47" count="1" type="stmt"/>
      <line num="48" count="1" type="stmt"/>
      <line num="49" count="0" type="stmt"/>
      <line num="56" count="1" type="stmt"/>
      <line num="60" count="1" type="stmt"/>
      <line num="63" count="1" type="stmt"/>
      <line num="64" count="0" type="stmt"/>
      <line num="65" count="0" type="stmt"/>
      <line num="66" count="0" type="stmt"/>
      <line num="67" count="0" type="stmt"/>
      <line num="71" count="1" type="cond" truecount="3" falsecount="1"/>
      <line num="72" count="1" type="stmt"/>
    </file>
    <file name="login.js" path="C:\Users\Equipo\OneDrive\Escritorio\prueba\PUKO_Front\js\login.js">
      <metrics statements="57" coveredstatements="0" conditionals="6" coveredconditionals="0" methods="15" coveredmethods="0"/>
      <line num="3" count="0" type="stmt"/>
      <line num="6" count="0" type="stmt"/>
      <line num="7" count="0" type="stmt"/>
      <line num="9" count="0" type="stmt"/>
      <line num="10" count="0" type="stmt"/>
      <line num="12" count="0" type="stmt"/>
      <line num="13" count="0" type="stmt"/>
      <line num="14" count="0" type="stmt"/>
      <line num="15" count="0" type="stmt"/>
      <line num="17" count="0" type="stmt"/>
      <line num="25" count="0" type="cond" truecount="0" falsecount="2"/>
      <line num="26" count="0" type="stmt"/>
      <line num="28" count="0" type="stmt"/>
      <line num="31" count="0" type="stmt"/>
      <line num="32" count="0" type="stmt"/>
      <line num="33" count="0" type="stmt"/>
      <line num="34" count="0" type="stmt"/>
      <line num="35" count="0" type="stmt"/>
      <line num="44" count="0" type="stmt"/>
      <line num="45" count="0" type="stmt"/>
      <line num="49" count="0" type="stmt"/>
      <line num="60" count="0" type="stmt"/>
      <line num="63" count="0" type="stmt"/>
      <line num="65" count="0" type="stmt"/>
      <line num="66" count="0" type="stmt"/>
      <line num="69" count="0" type="stmt"/>
      <line num="70" count="0" type="stmt"/>
      <line num="73" count="0" type="stmt"/>
      <line num="76" count="0" type="stmt"/>
      <line num="83" count="0" type="stmt"/>
      <line num="85" count="0" type="stmt"/>
      <line num="87" count="0" type="stmt"/>
      <line num="88" count="0" type="cond" truecount="0" falsecount="2"/>
      <line num="89" count="0" type="stmt"/>
      <line num="91" count="0" type="stmt"/>
      <line num="92" count="0" type="stmt"/>
      <line num="93" count="0" type="stmt"/>
      <line num="94" count="0" type="stmt"/>
      <line num="97" count="0" type="stmt"/>
      <line num="106" count="0" type="stmt"/>
      <line num="107" count="0" type="stmt"/>
      <line num="111" count="0" type="stmt"/>
      <line num="123" count="0" type="stmt"/>
      <line num="134" count="0" type="stmt"/>
      <line num="140" count="0" type="stmt"/>
      <line num="146" count="0" type="stmt"/>
      <line num="151" count="0" type="stmt"/>
      <line num="152" count="0" type="stmt"/>
      <line num="154" count="0" type="stmt"/>
      <line num="156" count="0" type="stmt"/>
      <line num="161" count="0" type="stmt"/>
      <line num="163" count="0" type="cond" truecount="0" falsecount="2"/>
      <line num="164" count="0" type="stmt"/>
      <line num="166" count="0" type="stmt"/>
      <line num="168" count="0" type="stmt"/>
      <line num="169" count="0" type="stmt"/>
      <line num="173" count="0" type="stmt"/>
    </file>
    <file name="sala.js" path="C:\Users\Equipo\OneDrive\Escritorio\prueba\PUKO_Front\js\sala.js">
      <metrics statements="386" coveredstatements="0" conditionals="122" coveredconditionals="0" methods="58" coveredmethods="0"/>
      <line num="3" count="0" type="stmt"/>
      <line num="4" count="0" type="stmt"/>
      <line num="5" count="0" type="stmt"/>
      <line num="6" count="0" type="stmt"/>
      <line num="7" count="0" type="stmt"/>
      <line num="8" count="0" type="stmt"/>
      <line num="9" count="0" type="stmt"/>
      <line num="10" count="0" type="stmt"/>
      <line num="11" count="0" type="stmt"/>
      <line num="12" count="0" type="stmt"/>
      <line num="13" count="0" type="stmt"/>
      <line num="14" count="0" type="stmt"/>
      <line num="15" count="0" type="stmt"/>
      <line num="16" count="0" type="stmt"/>
      <line num="17" count="0" type="stmt"/>
      <line num="18" count="0" type="stmt"/>
      <line num="21" count="0" type="stmt"/>
      <line num="22" count="0" type="stmt"/>
      <line num="27" count="0" type="stmt"/>
      <line num="28" count="0" type="stmt"/>
      <line num="29" count="0" type="stmt"/>
      <line num="32" count="0" type="stmt"/>
      <line num="34" count="0" type="stmt"/>
      <line num="39" count="0" type="stmt"/>
      <line num="41" count="0" type="cond" truecount="0" falsecount="2"/>
      <line num="42" count="0" type="stmt"/>
      <line num="44" count="0" type="stmt"/>
      <line num="46" count="0" type="stmt"/>
      <line num="47" count="0" type="stmt"/>
      <line num="51" count="0" type="stmt"/>
      <line num="52" count="0" type="stmt"/>
      <line num="57" count="0" type="stmt"/>
      <line num="58" count="0" type="stmt"/>
      <line num="61" count="0" type="stmt"/>
      <line num="62" count="0" type="stmt"/>
      <line num="63" count="0" type="stmt"/>
      <line num="64" count="0" type="cond" truecount="0" falsecount="2"/>
      <line num="65" count="0" type="stmt"/>
      <line num="66" count="0" type="stmt"/>
      <line num="69" count="0" type="stmt"/>
      <line num="72" count="0" type="stmt"/>
      <line num="75" count="0" type="cond" truecount="0" falsecount="2"/>
      <line num="76" count="0" type="stmt"/>
      <line num="77" count="0" type="stmt"/>
      <line num="78" count="0" type="stmt"/>
      <line num="80" count="0" type="stmt"/>
      <line num="83" count="0" type="stmt"/>
      <line num="86" count="0" type="cond" truecount="0" falsecount="2"/>
      <line num="88" count="0" type="stmt"/>
      <line num="89" count="0" type="stmt"/>
      <line num="90" count="0" type="stmt"/>
      <line num="94" count="0" type="stmt"/>
      <line num="108" count="0" type="stmt"/>
      <line num="109" count="0" type="stmt"/>
      <line num="112" count="0" type="stmt"/>
      <line num="114" count="0" type="stmt"/>
      <line num="120" count="0" type="stmt"/>
      <line num="123" count="0" type="stmt"/>
      <line num="125" count="0" type="stmt"/>
      <line num="126" count="0" type="stmt"/>
      <line num="127" count="0" type="stmt"/>
      <line num="130" count="0" type="cond" truecount="0" falsecount="2"/>
      <line num="131" count="0" type="cond" truecount="0" falsecount="2"/>
      <line num="133" count="0" type="stmt"/>
      <line num="134" count="0" type="stmt"/>
      <line num="135" count="0" type="stmt"/>
      <line num="136" count="0" type="stmt"/>
      <line num="137" count="0" type="stmt"/>
      <line num="138" count="0" type="stmt"/>
      <line num="139" count="0" type="stmt"/>
      <line num="142" count="0" type="stmt"/>
      <line num="143" count="0" type="stmt"/>
      <line num="144" count="0" type="stmt"/>
      <line num="145" count="0" type="stmt"/>
      <line num="149" count="0" type="stmt"/>
      <line num="151" count="0" type="cond" truecount="0" falsecount="2"/>
      <line num="153" count="0" type="stmt"/>
      <line num="154" count="0" type="stmt"/>
      <line num="155" count="0" type="stmt"/>
      <line num="156" count="0" type="stmt"/>
      <line num="158" count="0" type="stmt"/>
      <line num="159" count="0" type="stmt"/>
      <line num="160" count="0" type="stmt"/>
      <line num="166" count="0" type="stmt"/>
      <line num="167" count="0" type="stmt"/>
      <line num="168" count="0" type="stmt"/>
      <line num="169" count="0" type="stmt"/>
      <line num="171" count="0" type="stmt"/>
      <line num="172" count="0" type="stmt"/>
      <line num="173" count="0" type="stmt"/>
      <line num="174" count="0" type="stmt"/>
      <line num="178" count="0" type="stmt"/>
      <line num="180" count="0" type="cond" truecount="0" falsecount="2"/>
      <line num="182" count="0" type="stmt"/>
      <line num="183" count="0" type="stmt"/>
      <line num="184" count="0" type="stmt"/>
      <line num="191" count="0" type="stmt"/>
      <line num="192" count="0" type="stmt"/>
      <line num="193" count="0" type="stmt"/>
      <line num="194" count="0" type="stmt"/>
      <line num="199" count="0" type="stmt"/>
      <line num="200" count="0" type="stmt"/>
      <line num="201" count="0" type="stmt"/>
      <line num="202" count="0" type="cond" truecount="0" falsecount="4"/>
      <line num="203" count="0" type="stmt"/>
      <line num="205" count="0" type="stmt"/>
      <line num="209" count="0" type="stmt"/>
      <line num="210" count="0" type="stmt"/>
      <line num="211" count="0" type="stmt"/>
      <line num="216" count="0" type="stmt"/>
      <line num="217" count="0" type="stmt"/>
      <line num="219" count="0" type="cond" truecount="0" falsecount="2"/>
      <line num="220" count="0" type="stmt"/>
      <line num="223" count="0" type="stmt"/>
      <line num="225" count="0" type="stmt"/>
      <line num="226" count="0" type="stmt"/>
      <line num="227" count="0" type="stmt"/>
      <line num="230" count="0" type="cond" truecount="0" falsecount="4"/>
      <line num="231" count="0" type="cond" truecount="0" falsecount="2"/>
      <line num="232" count="0" type="stmt"/>
      <line num="233" count="0" type="cond" truecount="0" falsecount="2"/>
      <line num="234" count="0" type="stmt"/>
      <line num="235" count="0" type="cond" truecount="0" falsecount="2"/>
      <line num="236" count="0" type="stmt"/>
      <line num="239" count="0" type="stmt"/>
      <line num="240" count="0" type="stmt"/>
      <line num="245" count="0" type="stmt"/>
      <line num="246" count="0" type="stmt"/>
      <line num="252" count="0" type="stmt"/>
      <line num="257" count="0" type="stmt"/>
      <line num="259" count="0" type="stmt"/>
      <line num="260" count="0" type="stmt"/>
      <line num="261" count="0" type="stmt"/>
      <line num="262" count="0" type="stmt"/>
      <line num="264" count="0" type="cond" truecount="0" falsecount="2"/>
      <line num="265" count="0" type="stmt"/>
      <line num="266" count="0" type="stmt"/>
      <line num="267" count="0" type="stmt"/>
      <line num="270" count="0" type="stmt"/>
      <line num="271" count="0" type="stmt"/>
      <line num="274" count="0" type="cond" truecount="0" falsecount="2"/>
      <line num="275" count="0" type="cond" truecount="0" falsecount="2"/>
      <line num="276" count="0" type="stmt"/>
      <line num="277" count="0" type="cond" truecount="0" falsecount="2"/>
      <line num="278" count="0" type="stmt"/>
      <line num="279" count="0" type="cond" truecount="0" falsecount="2"/>
      <line num="280" count="0" type="stmt"/>
      <line num="283" count="0" type="stmt"/>
      <line num="285" count="0" type="stmt"/>
      <line num="289" count="0" type="stmt"/>
      <line num="294" count="0" type="stmt"/>
      <line num="298" count="0" type="stmt"/>
      <line num="301" count="0" type="stmt"/>
      <line num="302" count="0" type="stmt"/>
      <line num="303" count="0" type="stmt"/>
      <line num="304" count="0" type="stmt"/>
      <line num="308" count="0" type="stmt"/>
      <line num="309" count="0" type="stmt"/>
      <line num="310" count="0" type="stmt"/>
      <line num="312" count="0" type="stmt"/>
      <line num="313" count="0" type="cond" truecount="0" falsecount="2"/>
      <line num="314" count="0" type="stmt"/>
      <line num="315" count="0" type="stmt"/>
      <line num="317" count="0" type="stmt"/>
      <line num="319" count="0" type="stmt"/>
      <line num="320" count="0" type="stmt"/>
      <line num="322" count="0" type="cond" truecount="0" falsecount="2"/>
      <line num="323" count="0" type="stmt"/>
      <line num="325" count="0" type="stmt"/>
      <line num="326" count="0" type="stmt"/>
      <line num="327" count="0" type="stmt"/>
      <line num="328" count="0" type="stmt"/>
      <line num="329" count="0" type="stmt"/>
      <line num="336" count="0" type="stmt"/>
      <line num="337" count="0" type="stmt"/>
      <line num="338" count="0" type="stmt"/>
      <line num="340" count="0" type="cond" truecount="0" falsecount="2"/>
      <line num="341" count="0" type="stmt"/>
      <line num="342" count="0" type="stmt"/>
      <line num="345" count="0" type="cond" truecount="0" falsecount="2"/>
      <line num="346" count="0" type="stmt"/>
      <line num="347" count="0" type="stmt"/>
      <line num="350" count="0" type="stmt"/>
      <line num="351" count="0" type="stmt"/>
      <line num="356" count="0" type="stmt"/>
      <line num="361" count="0" type="cond" truecount="0" falsecount="3"/>
      <line num="366" count="0" type="stmt"/>
      <line num="371" count="0" type="stmt"/>
      <line num="384" count="0" type="stmt"/>
      <line num="386" count="0" type="stmt"/>
      <line num="389" count="0" type="stmt"/>
      <line num="398" count="0" type="stmt"/>
      <line num="399" count="0" type="stmt"/>
      <line num="408" count="0" type="cond" truecount="0" falsecount="2"/>
      <line num="409" count="0" type="stmt"/>
      <line num="412" count="0" type="stmt"/>
      <line num="414" count="0" type="stmt"/>
      <line num="420" count="0" type="stmt"/>
      <line num="421" count="0" type="cond" truecount="0" falsecount="2"/>
      <line num="422" count="0" type="cond" truecount="0" falsecount="2"/>
      <line num="427" count="0" type="stmt"/>
      <line num="431" count="0" type="stmt"/>
      <line num="434" count="0" type="stmt"/>
      <line num="435" count="0" type="cond" truecount="0" falsecount="2"/>
      <line num="436" count="0" type="stmt"/>
      <line num="440" count="0" type="stmt"/>
      <line num="441" count="0" type="stmt"/>
      <line num="442" count="0" type="cond" truecount="0" falsecount="2"/>
      <line num="443" count="0" type="stmt"/>
      <line num="444" count="0" type="stmt"/>
      <line num="447" count="0" type="stmt"/>
      <line num="448" count="0" type="stmt"/>
      <line num="450" count="0" type="cond" truecount="0" falsecount="2"/>
      <line num="451" count="0" type="stmt"/>
      <line num="452" count="0" type="stmt"/>
      <line num="453" count="0" type="stmt"/>
      <line num="454" count="0" type="stmt"/>
      <line num="459" count="0" type="stmt"/>
      <line num="460" count="0" type="stmt"/>
      <line num="462" count="0" type="stmt"/>
      <line num="463" count="0" type="stmt"/>
      <line num="464" count="0" type="stmt"/>
      <line num="465" count="0" type="stmt"/>
      <line num="467" count="0" type="cond" truecount="0" falsecount="2"/>
      <line num="468" count="0" type="stmt"/>
      <line num="470" count="0" type="stmt"/>
      <line num="471" count="0" type="stmt"/>
      <line num="472" count="0" type="stmt"/>
      <line num="475" count="0" type="cond" truecount="0" falsecount="2"/>
      <line num="477" count="0" type="stmt"/>
      <line num="478" count="0" type="stmt"/>
      <line num="479" count="0" type="stmt"/>
      <line num="480" count="0" type="stmt"/>
      <line num="482" count="0" type="stmt"/>
      <line num="484" count="0" type="stmt"/>
      <line num="485" count="0" type="stmt"/>
      <line num="486" count="0" type="stmt"/>
      <line num="487" count="0" type="stmt"/>
      <line num="488" count="0" type="stmt"/>
      <line num="489" count="0" type="stmt"/>
      <line num="492" count="0" type="stmt"/>
      <line num="493" count="0" type="stmt"/>
      <line num="506" count="0" type="cond" truecount="0" falsecount="2"/>
      <line num="508" count="0" type="stmt"/>
      <line num="511" count="0" type="stmt"/>
      <line num="514" count="0" type="stmt"/>
      <line num="515" count="0" type="stmt"/>
      <line num="517" count="0" type="stmt"/>
      <line num="520" count="0" type="stmt"/>
      <line num="521" count="0" type="stmt"/>
      <line num="527" count="0" type="stmt"/>
      <line num="531" count="0" type="stmt"/>
      <line num="532" count="0" type="stmt"/>
      <line num="535" count="0" type="cond" truecount="0" falsecount="2"/>
      <line num="536" count="0" type="stmt"/>
      <line num="537" count="0" type="stmt"/>
      <line num="538" count="0" type="stmt"/>
      <line num="539" count="0" type="stmt"/>
      <line num="541" count="0" type="stmt"/>
      <line num="542" count="0" type="stmt"/>
      <line num="551" count="0" type="stmt"/>
      <line num="552" count="0" type="stmt"/>
      <line num="553" count="0" type="stmt"/>
      <line num="554" count="0" type="stmt"/>
      <line num="556" count="0" type="stmt"/>
      <line num="563" count="0" type="stmt"/>
      <line num="565" count="0" type="stmt"/>
      <line num="567" count="0" type="stmt"/>
      <line num="568" count="0" type="stmt"/>
      <line num="569" count="0" type="stmt"/>
      <line num="571" count="0" type="stmt"/>
      <line num="573" count="0" type="stmt"/>
      <line num="574" count="0" type="stmt"/>
      <line num="575" count="0" type="stmt"/>
      <line num="577" count="0" type="stmt"/>
      <line num="578" count="0" type="stmt"/>
      <line num="579" count="0" type="stmt"/>
      <line num="583" count="0" type="stmt"/>
      <line num="587" count="0" type="stmt"/>
      <line num="591" count="0" type="stmt"/>
      <line num="592" count="0" type="stmt"/>
      <line num="593" count="0" type="stmt"/>
      <line num="594" count="0" type="stmt"/>
      <line num="597" count="0" type="stmt"/>
      <line num="598" count="0" type="stmt"/>
      <line num="599" count="0" type="cond" truecount="0" falsecount="2"/>
      <line num="600" count="0" type="stmt"/>
      <line num="601" count="0" type="cond" truecount="0" falsecount="2"/>
      <line num="602" count="0" type="stmt"/>
      <line num="604" count="0" type="stmt"/>
      <line num="606" count="0" type="stmt"/>
      <line num="607" count="0" type="cond" truecount="0" falsecount="2"/>
      <line num="609" count="0" type="stmt"/>
      <line num="610" count="0" type="stmt"/>
      <line num="611" count="0" type="stmt"/>
      <line num="612" count="0" type="cond" truecount="0" falsecount="4"/>
      <line num="614" count="0" type="stmt"/>
      <line num="615" count="0" type="stmt"/>
      <line num="617" count="0" type="stmt"/>
      <line num="618" count="0" type="stmt"/>
      <line num="619" count="0" type="stmt"/>
      <line num="621" count="0" type="cond" truecount="0" falsecount="4"/>
      <line num="622" count="0" type="stmt"/>
      <line num="624" count="0" type="stmt"/>
      <line num="625" count="0" type="stmt"/>
      <line num="626" count="0" type="stmt"/>
      <line num="628" count="0" type="stmt"/>
      <line num="629" count="0" type="stmt"/>
      <line num="631" count="0" type="stmt"/>
      <line num="632" count="0" type="stmt"/>
      <line num="634" count="0" type="cond" truecount="0" falsecount="2"/>
      <line num="635" count="0" type="stmt"/>
      <line num="636" count="0" type="stmt"/>
      <line num="637" count="0" type="stmt"/>
      <line num="641" count="0" type="stmt"/>
      <line num="642" count="0" type="stmt"/>
      <line num="643" count="0" type="stmt"/>
      <line num="644" count="0" type="stmt"/>
      <line num="645" count="0" type="stmt"/>
      <line num="649" count="0" type="stmt"/>
      <line num="650" count="0" type="stmt"/>
      <line num="654" count="0" type="stmt"/>
      <line num="659" count="0" type="cond" truecount="0" falsecount="4"/>
      <line num="660" count="0" type="stmt"/>
      <line num="669" count="0" type="stmt"/>
      <line num="670" count="0" type="cond" truecount="0" falsecount="4"/>
      <line num="671" count="0" type="stmt"/>
      <line num="680" count="0" type="stmt"/>
      <line num="681" count="0" type="cond" truecount="0" falsecount="5"/>
      <line num="682" count="0" type="stmt"/>
      <line num="692" count="0" type="stmt"/>
      <line num="694" count="0" type="stmt"/>
      <line num="703" count="0" type="stmt"/>
      <line num="708" count="0" type="stmt"/>
      <line num="711" count="0" type="stmt"/>
      <line num="714" count="0" type="stmt"/>
      <line num="715" count="0" type="stmt"/>
      <line num="717" count="0" type="stmt"/>
      <line num="719" count="0" type="stmt"/>
      <line num="720" count="0" type="stmt"/>
      <line num="724" count="0" type="stmt"/>
      <line num="725" count="0" type="stmt"/>
      <line num="728" count="0" type="cond" truecount="0" falsecount="2"/>
      <line num="729" count="0" type="stmt"/>
      <line num="730" count="0" type="stmt"/>
      <line num="732" count="0" type="stmt"/>
      <line num="733" count="0" type="stmt"/>
      <line num="738" count="0" type="stmt"/>
      <line num="745" count="0" type="stmt"/>
      <line num="752" count="0" type="stmt"/>
      <line num="756" count="0" type="stmt"/>
      <line num="757" count="0" type="stmt"/>
      <line num="760" count="0" type="cond" truecount="0" falsecount="2"/>
      <line num="761" count="0" type="stmt"/>
      <line num="763" count="0" type="stmt"/>
      <line num="766" count="0" type="stmt"/>
      <line num="775" count="0" type="stmt"/>
      <line num="776" count="0" type="stmt"/>
      <line num="780" count="0" type="stmt"/>
      <line num="782" count="0" type="stmt"/>
      <line num="783" count="0" type="cond" truecount="0" falsecount="4"/>
      <line num="785" count="0" type="stmt"/>
      <line num="795" count="0" type="stmt"/>
      <line num="796" count="0" type="stmt"/>
      <line num="802" count="0" type="stmt"/>
      <line num="803" count="0" type="cond" truecount="0" falsecount="2"/>
      <line num="804" count="0" type="stmt"/>
      <line num="807" count="0" type="stmt"/>
      <line num="810" count="0" type="cond" truecount="0" falsecount="2"/>
      <line num="811" count="0" type="cond" truecount="0" falsecount="2"/>
      <line num="814" count="0" type="stmt"/>
      <line num="815" count="0" type="stmt"/>
      <line num="816" count="0" type="stmt"/>
      <line num="818" count="0" type="cond" truecount="0" falsecount="2"/>
      <line num="819" count="0" type="stmt"/>
      <line num="820" count="0" type="stmt"/>
      <line num="825" count="0" type="stmt"/>
      <line num="826" count="0" type="cond" truecount="0" falsecount="2"/>
      <line num="827" count="0" type="stmt"/>
      <line num="828" count="0" type="cond" truecount="0" falsecount="2"/>
      <line num="829" count="0" type="stmt"/>
      <line num="830" count="0" type="stmt"/>
      <line num="836" count="0" type="stmt"/>
      <line num="840" count="0" type="stmt"/>
      <line num="843" count="0" type="stmt"/>
      <line num="844" count="0" type="stmt"/>
    </file>
  </project>
</coverage>
