{"C:\\Users\\Equipo\\OneDrive\\Escritorio\\prueba\\PUKO_Front\\js\\home.js": {"path":"C:\\Users\\Equipo\\OneDrive\\Escritorio\\prueba\\PUKO_Front\\js\\home.js","statementMap":{"0":{"start":{"line":1,"column":13},"end":{"line":1,"column":35}},"1":{"start":{"line":2,"column":13},"end":{"line":2,"column":44}},"2":{"start":{"line":3,"column":21},"end":{"line":3,"column":61}},"3":{"start":{"line":4,"column":14},"end":{"line":4,"column":47}},"4":{"start":{"line":5,"column":16},"end":{"line":5,"column":49}},"5":{"start":{"line":6,"column":16},"end":{"line":6,"column":50}},"6":{"start":{"line":7,"column":13},"end":{"line":7,"column":44}},"7":{"start":{"line":8,"column":13},"end":{"line":8,"column":43}},"8":{"start":{"line":9,"column":17},"end":{"line":9,"column":52}},"9":{"start":{"line":10,"column":26},"end":{"line":10,"column":71}},"10":{"start":{"line":11,"column":17},"end":{"line":11,"column":55}},"11":{"start":{"line":14,"column":4},"end":{"line":14,"column":39}},"12":{"start":{"line":14,"column":32},"end":{"line":14,"column":39}},"13":{"start":{"line":15,"column":4},"end":{"line":15,"column":55}},"14":{"start":{"line":16,"column":4},"end":{"line":22,"column":5}},"15":{"start":{"line":17,"column":8},"end":{"line":17,"column":48}},"16":{"start":{"line":18,"column":8},"end":{"line":18,"column":49}},"17":{"start":{"line":20,"column":8},"end":{"line":20,"column":48}},"18":{"start":{"line":21,"column":8},"end":{"line":21,"column":49}},"19":{"start":{"line":26,"column":15},"end":{"line":26,"column":28}},"20":{"start":{"line":27,"column":4},"end":{"line":27,"column":39}},"21":{"start":{"line":28,"column":4},"end":{"line":28,"column":41}},"22":{"start":{"line":32,"column":4},"end":{"line":52,"column":7}},"23":{"start":{"line":45,"column":8},"end":{"line":51,"column":9}},"24":{"start":{"line":46,"column":12},"end":{"line":46,"column":82}},"25":{"start":{"line":47,"column":12},"end":{"line":47,"column":35}},"26":{"start":{"line":48,"column":12},"end":{"line":50,"column":21}},"27":{"start":{"line":49,"column":16},"end":{"line":49,"column":53}},"28":{"start":{"line":56,"column":4},"end":{"line":56,"column":66}},"29":{"start":{"line":60,"column":4},"end":{"line":60,"column":58}},"30":{"start":{"line":63,"column":0},"end":{"line":68,"column":3}},"31":{"start":{"line":64,"column":4},"end":{"line":64,"column":54}},"32":{"start":{"line":65,"column":4},"end":{"line":65,"column":54}},"33":{"start":{"line":66,"column":4},"end":{"line":66,"column":51}},"34":{"start":{"line":67,"column":4},"end":{"line":67,"column":76}},"35":{"start":{"line":71,"column":0},"end":{"line":79,"column":1}},"36":{"start":{"line":72,"column":4},"end":{"line":78,"column":6}}},"fnMap":{"0":{"name":"toggleLateralMenu","decl":{"start":{"line":13,"column":9},"end":{"line":13,"column":26}},"loc":{"start":{"line":13,"column":29},"end":{"line":23,"column":1}},"line":13},"1":{"name":"toggleDarkMode","decl":{"start":{"line":25,"column":9},"end":{"line":25,"column":23}},"loc":{"start":{"line":25,"column":26},"end":{"line":29,"column":1}},"line":25},"2":{"name":"logOutUser","decl":{"start":{"line":31,"column":9},"end":{"line":31,"column":19}},"loc":{"start":{"line":31,"column":22},"end":{"line":53,"column":1}},"line":31},"3":{"name":"(anonymous_3)","decl":{"start":{"line":44,"column":12},"end":{"line":44,"column":13}},"loc":{"start":{"line":44,"column":24},"end":{"line":52,"column":5}},"line":44},"4":{"name":"(anonymous_4)","decl":{"start":{"line":48,"column":23},"end":{"line":48,"column":24}},"loc":{"start":{"line":48,"column":29},"end":{"line":50,"column":13}},"line":48},"5":{"name":"formatMoney","decl":{"start":{"line":55,"column":9},"end":{"line":55,"column":20}},"loc":{"start":{"line":55,"column":28},"end":{"line":57,"column":1}},"line":55},"6":{"name":"redirectToAvailableAuction","decl":{"start":{"line":59,"column":9},"end":{"line":59,"column":35}},"loc":{"start":{"line":59,"column":38},"end":{"line":61,"column":1}},"line":59},"7":{"name":"(anonymous_7)","decl":{"start":{"line":63,"column":46},"end":{"line":63,"column":47}},"loc":{"start":{"line":63,"column":52},"end":{"line":68,"column":1}},"line":63}},"branchMap":{"0":{"loc":{"start":{"line":14,"column":4},"end":{"line":14,"column":39}},"type":"if","locations":[{"start":{"line":14,"column":4},"end":{"line":14,"column":39}},{"start":{},"end":{}}],"line":14},"1":{"loc":{"start":{"line":14,"column":8},"end":{"line":14,"column":30}},"type":"binary-expr","locations":[{"start":{"line":14,"column":8},"end":{"line":14,"column":21}},{"start":{"line":14,"column":25},"end":{"line":14,"column":30}}],"line":14},"2":{"loc":{"start":{"line":16,"column":4},"end":{"line":22,"column":5}},"type":"if","locations":[{"start":{"line":16,"column":4},"end":{"line":22,"column":5}},{"start":{"line":19,"column":11},"end":{"line":22,"column":5}}],"line":16},"3":{"loc":{"start":{"line":45,"column":8},"end":{"line":51,"column":9}},"type":"if","locations":[{"start":{"line":45,"column":8},"end":{"line":51,"column":9}},{"start":{},"end":{}}],"line":45},"4":{"loc":{"start":{"line":71,"column":0},"end":{"line":79,"column":1}},"type":"if","locations":[{"start":{"line":71,"column":0},"end":{"line":79,"column":1}},{"start":{},"end":{}}],"line":71},"5":{"loc":{"start":{"line":71,"column":4},"end":{"line":71,"column":51}},"type":"binary-expr","locations":[{"start":{"line":71,"column":4},"end":{"line":71,"column":33}},{"start":{"line":71,"column":37},"end":{"line":71,"column":51}}],"line":71}},"s":{"0":1,"1":1,"2":1,"3":1,"4":1,"5":1,"6":1,"7":1,"8":1,"9":1,"10":1,"11":1,"12":1,"13":0,"14":0,"15":0,"16":0,"17":0,"18":0,"19":0,"20":0,"21":0,"22":1,"23":1,"24":1,"25":1,"26":1,"27":0,"28":1,"29":1,"30":1,"31":0,"32":0,"33":0,"34":0,"35":1,"36":1},"f":{"0":1,"1":0,"2":1,"3":1,"4":0,"5":1,"6":1,"7":0},"b":{"0":[1,0],"1":[1,0],"2":[0,0],"3":[1,0],"4":[1,0],"5":[1,1]},"_coverageSchema":"1a1c01bbd47fc00a2c39e90264f33305004495a9","hash":"b21cf82d8d7db01e93ef13d09b24026ae3efab8d"}
,"C:\\Users\\Equipo\\OneDrive\\Escritorio\\prueba\\PUKO_Front\\js\\login.js": {"path":"C:\\Users\\Equipo\\OneDrive\\Escritorio\\prueba\\PUKO_Front\\js\\login.js","statementMap":{"0":{"start":{"line":3,"column":4},"end":{"line":3,"column":27}},"1":{"start":{"line":6,"column":27},"end":{"line":6,"column":61}},"2":{"start":{"line":7,"column":4},"end":{"line":7,"column":43}},"3":{"start":{"line":9,"column":26},"end":{"line":9,"column":87}},"4":{"start":{"line":10,"column":26},"end":{"line":10,"column":87}},"5":{"start":{"line":12,"column":19},"end":{"line":12,"column":51}},"6":{"start":{"line":13,"column":23},"end":{"line":13,"column":49}},"7":{"start":{"line":14,"column":23},"end":{"line":14,"column":39}},"8":{"start":{"line":15,"column":24},"end":{"line":15,"column":65}},"9":{"start":{"line":17,"column":4},"end":{"line":61,"column":11}},"10":{"start":{"line":25,"column":12},"end":{"line":27,"column":13}},"11":{"start":{"line":26,"column":16},"end":{"line":26,"column":63}},"12":{"start":{"line":28,"column":12},"end":{"line":28,"column":35}},"13":{"start":{"line":31,"column":12},"end":{"line":31,"column":67}},"14":{"start":{"line":32,"column":12},"end":{"line":32,"column":62}},"15":{"start":{"line":33,"column":12},"end":{"line":33,"column":54}},"16":{"start":{"line":34,"column":12},"end":{"line":34,"column":70}},"17":{"start":{"line":35,"column":12},"end":{"line":46,"column":15}},"18":{"start":{"line":44,"column":16},"end":{"line":44,"column":60}},"19":{"start":{"line":45,"column":16},"end":{"line":45,"column":57}},"20":{"start":{"line":49,"column":12},"end":{"line":57,"column":15}},"21":{"start":{"line":60,"column":12},"end":{"line":60,"column":54}},"22":{"start":{"line":63,"column":0},"end":{"line":63,"column":37}},"23":{"start":{"line":65,"column":20},"end":{"line":65,"column":39}},"24":{"start":{"line":66,"column":4},"end":{"line":66,"column":48}},"25":{"start":{"line":69,"column":27},"end":{"line":69,"column":61}},"26":{"start":{"line":70,"column":4},"end":{"line":70,"column":43}},"27":{"start":{"line":73,"column":19},"end":{"line":73,"column":50}},"28":{"start":{"line":76,"column":4},"end":{"line":135,"column":11}},"29":{"start":{"line":83,"column":26},"end":{"line":83,"column":41}},"30":{"start":{"line":85,"column":34},"end":{"line":85,"column":60}},"31":{"start":{"line":87,"column":25},"end":{"line":87,"column":50}},"32":{"start":{"line":88,"column":12},"end":{"line":120,"column":13}},"33":{"start":{"line":89,"column":16},"end":{"line":89,"column":63}},"34":{"start":{"line":91,"column":16},"end":{"line":91,"column":64}},"35":{"start":{"line":92,"column":16},"end":{"line":92,"column":66}},"36":{"start":{"line":93,"column":16},"end":{"line":93,"column":58}},"37":{"start":{"line":94,"column":16},"end":{"line":94,"column":74}},"38":{"start":{"line":97,"column":16},"end":{"line":108,"column":19}},"39":{"start":{"line":106,"column":20},"end":{"line":106,"column":64}},"40":{"start":{"line":107,"column":20},"end":{"line":107,"column":61}},"41":{"start":{"line":111,"column":16},"end":{"line":119,"column":19}},"42":{"start":{"line":123,"column":12},"end":{"line":131,"column":15}},"43":{"start":{"line":134,"column":12},"end":{"line":134,"column":54}},"44":{"start":{"line":140,"column":4},"end":{"line":143,"column":7}},"45":{"start":{"line":146,"column":4},"end":{"line":149,"column":6}},"46":{"start":{"line":151,"column":19},"end":{"line":151,"column":45}},"47":{"start":{"line":152,"column":19},"end":{"line":152,"column":35}},"48":{"start":{"line":154,"column":4},"end":{"line":170,"column":5}},"49":{"start":{"line":156,"column":22},"end":{"line":159,"column":10}},"50":{"start":{"line":161,"column":30},"end":{"line":161,"column":63}},"51":{"start":{"line":163,"column":8},"end":{"line":165,"column":9}},"52":{"start":{"line":164,"column":12},"end":{"line":164,"column":81}},"53":{"start":{"line":166,"column":8},"end":{"line":166,"column":29}},"54":{"start":{"line":168,"column":8},"end":{"line":168,"column":65}},"55":{"start":{"line":169,"column":8},"end":{"line":169,"column":20}},"56":{"start":{"line":173,"column":0},"end":{"line":175,"column":3}}},"fnMap":{"0":{"name":"validateLogin","decl":{"start":{"line":2,"column":9},"end":{"line":2,"column":22}},"loc":{"start":{"line":2,"column":30},"end":{"line":62,"column":1}},"line":2},"1":{"name":"(anonymous_1)","decl":{"start":{"line":24,"column":14},"end":{"line":24,"column":15}},"loc":{"start":{"line":24,"column":26},"end":{"line":29,"column":9}},"line":24},"2":{"name":"(anonymous_2)","decl":{"start":{"line":30,"column":14},"end":{"line":30,"column":15}},"loc":{"start":{"line":30,"column":22},"end":{"line":47,"column":9}},"line":30},"3":{"name":"(anonymous_3)","decl":{"start":{"line":43,"column":20},"end":{"line":43,"column":21}},"loc":{"start":{"line":43,"column":26},"end":{"line":46,"column":13}},"line":43},"4":{"name":"(anonymous_4)","decl":{"start":{"line":48,"column":15},"end":{"line":48,"column":16}},"loc":{"start":{"line":48,"column":21},"end":{"line":58,"column":9}},"line":48},"5":{"name":"(anonymous_5)","decl":{"start":{"line":59,"column":17},"end":{"line":59,"column":18}},"loc":{"start":{"line":59,"column":23},"end":{"line":61,"column":9}},"line":59},"6":{"name":"handleCredentialResponse","decl":{"start":{"line":64,"column":9},"end":{"line":64,"column":33}},"loc":{"start":{"line":64,"column":44},"end":{"line":136,"column":1}},"line":64},"7":{"name":"(anonymous_7)","decl":{"start":{"line":83,"column":14},"end":{"line":83,"column":15}},"loc":{"start":{"line":83,"column":26},"end":{"line":83,"column":41}},"line":83},"8":{"name":"(anonymous_8)","decl":{"start":{"line":84,"column":14},"end":{"line":84,"column":15}},"loc":{"start":{"line":84,"column":31},"end":{"line":121,"column":9}},"line":84},"9":{"name":"(anonymous_9)","decl":{"start":{"line":105,"column":24},"end":{"line":105,"column":25}},"loc":{"start":{"line":105,"column":30},"end":{"line":108,"column":17}},"line":105},"10":{"name":"(anonymous_10)","decl":{"start":{"line":122,"column":15},"end":{"line":122,"column":16}},"loc":{"start":{"line":122,"column":21},"end":{"line":132,"column":9}},"line":122},"11":{"name":"(anonymous_11)","decl":{"start":{"line":133,"column":17},"end":{"line":133,"column":18}},"loc":{"start":{"line":133,"column":23},"end":{"line":135,"column":9}},"line":133},"12":{"name":"initializeGoogleSignIn","decl":{"start":{"line":139,"column":9},"end":{"line":139,"column":31}},"loc":{"start":{"line":139,"column":34},"end":{"line":150,"column":1}},"line":139},"13":{"name":"decryptData","decl":{"start":{"line":153,"column":9},"end":{"line":153,"column":20}},"loc":{"start":{"line":153,"column":33},"end":{"line":171,"column":1}},"line":153},"14":{"name":"(anonymous_14)","decl":{"start":{"line":173,"column":46},"end":{"line":173,"column":47}},"loc":{"start":{"line":173,"column":58},"end":{"line":175,"column":1}},"line":173}},"branchMap":{"0":{"loc":{"start":{"line":25,"column":12},"end":{"line":27,"column":13}},"type":"if","locations":[{"start":{"line":25,"column":12},"end":{"line":27,"column":13}},{"start":{},"end":{}}],"line":25},"1":{"loc":{"start":{"line":88,"column":12},"end":{"line":120,"column":13}},"type":"if","locations":[{"start":{"line":88,"column":12},"end":{"line":120,"column":13}},{"start":{"line":109,"column":19},"end":{"line":120,"column":13}}],"line":88},"2":{"loc":{"start":{"line":163,"column":8},"end":{"line":165,"column":9}},"type":"if","locations":[{"start":{"line":163,"column":8},"end":{"line":165,"column":9}},{"start":{},"end":{}}],"line":163}},"s":{"0":0,"1":0,"2":0,"3":0,"4":0,"5":0,"6":0,"7":0,"8":0,"9":0,"10":0,"11":0,"12":0,"13":0,"14":0,"15":0,"16":0,"17":0,"18":0,"19":0,"20":0,"21":0,"22":0,"23":0,"24":0,"25":0,"26":0,"27":0,"28":0,"29":0,"30":0,"31":0,"32":0,"33":0,"34":0,"35":0,"36":0,"37":0,"38":0,"39":0,"40":0,"41":0,"42":0,"43":0,"44":0,"45":0,"46":0,"47":0,"48":0,"49":0,"50":0,"51":0,"52":0,"53":0,"54":0,"55":0,"56":0},"f":{"0":0,"1":0,"2":0,"3":0,"4":0,"5":0,"6":0,"7":0,"8":0,"9":0,"10":0,"11":0,"12":0,"13":0,"14":0},"b":{"0":[0,0],"1":[0,0],"2":[0,0]}}
,"C:\\Users\\Equipo\\OneDrive\\Escritorio\\prueba\\PUKO_Front\\js\\sala.js": {"path":"C:\\Users\\Equipo\\OneDrive\\Escritorio\\prueba\\PUKO_Front\\js\\sala.js","statementMap":{"0":{"start":{"line":3,"column":13},"end":{"line":3,"column":44}},"1":{"start":{"line":4,"column":21},"end":{"line":4,"column":61}},"2":{"start":{"line":5,"column":14},"end":{"line":5,"column":47}},"3":{"start":{"line":6,"column":16},"end":{"line":6,"column":49}},"4":{"start":{"line":7,"column":16},"end":{"line":7,"column":50}},"5":{"start":{"line":8,"column":13},"end":{"line":8,"column":44}},"6":{"start":{"line":9,"column":13},"end":{"line":9,"column":43}},"7":{"start":{"line":10,"column":17},"end":{"line":10,"column":52}},"8":{"start":{"line":11,"column":17},"end":{"line":11,"column":55}},"9":{"start":{"line":12,"column":17},"end":{"line":12,"column":54}},"10":{"start":{"line":13,"column":18},"end":{"line":13,"column":54}},"11":{"start":{"line":14,"column":17},"end":{"line":14,"column":57}},"12":{"start":{"line":15,"column":23},"end":{"line":15,"column":64}},"13":{"start":{"line":16,"column":25},"end":{"line":16,"column":68}},"14":{"start":{"line":17,"column":17},"end":{"line":17,"column":53}},"15":{"start":{"line":18,"column":18},"end":{"line":18,"column":50}},"16":{"start":{"line":21,"column":14},"end":{"line":21,"column":19}},"17":{"start":{"line":22,"column":17},"end":{"line":22,"column":22}},"18":{"start":{"line":27,"column":15},"end":{"line":27,"column":38}},"19":{"start":{"line":28,"column":19},"end":{"line":28,"column":45}},"20":{"start":{"line":29,"column":19},"end":{"line":29,"column":35}},"21":{"start":{"line":32,"column":4},"end":{"line":48,"column":5}},"22":{"start":{"line":34,"column":22},"end":{"line":37,"column":10}},"23":{"start":{"line":39,"column":30},"end":{"line":39,"column":63}},"24":{"start":{"line":41,"column":8},"end":{"line":43,"column":9}},"25":{"start":{"line":42,"column":12},"end":{"line":42,"column":81}},"26":{"start":{"line":44,"column":8},"end":{"line":44,"column":29}},"27":{"start":{"line":46,"column":8},"end":{"line":46,"column":65}},"28":{"start":{"line":47,"column":8},"end":{"line":47,"column":20}},"29":{"start":{"line":51,"column":22},"end":{"line":51,"column":57}},"30":{"start":{"line":52,"column":4},"end":{"line":55,"column":6}},"31":{"start":{"line":57,"column":17},"end":{"line":57,"column":53}},"32":{"start":{"line":58,"column":0},"end":{"line":58,"column":32}},"33":{"start":{"line":61,"column":22},"end":{"line":61,"column":54}},"34":{"start":{"line":62,"column":27},"end":{"line":62,"column":61}},"35":{"start":{"line":63,"column":4},"end":{"line":63,"column":43}},"36":{"start":{"line":64,"column":4},"end":{"line":67,"column":5}},"37":{"start":{"line":65,"column":8},"end":{"line":65,"column":69}},"38":{"start":{"line":66,"column":8},"end":{"line":66,"column":15}},"39":{"start":{"line":69,"column":4},"end":{"line":115,"column":5}},"40":{"start":{"line":72,"column":32},"end":{"line":74,"column":10}},"41":{"start":{"line":75,"column":8},"end":{"line":75,"column":93}},"42":{"start":{"line":75,"column":33},"end":{"line":75,"column":93}},"43":{"start":{"line":76,"column":30},"end":{"line":76,"column":58}},"44":{"start":{"line":77,"column":30},"end":{"line":77,"column":56}},"45":{"start":{"line":78,"column":28},"end":{"line":78,"column":53}},"46":{"start":{"line":80,"column":26},"end":{"line":80,"column":47}},"47":{"start":{"line":83,"column":32},"end":{"line":85,"column":10}},"48":{"start":{"line":86,"column":8},"end":{"line":86,"column":95}},"49":{"start":{"line":86,"column":33},"end":{"line":86,"column":95}},"50":{"start":{"line":88,"column":31},"end":{"line":88,"column":59}},"51":{"start":{"line":89,"column":31},"end":{"line":89,"column":58}},"52":{"start":{"line":90,"column":28},"end":{"line":90,"column":54}},"53":{"start":{"line":94,"column":31},"end":{"line":105,"column":9}},"54":{"start":{"line":108,"column":8},"end":{"line":108,"column":41}},"55":{"start":{"line":109,"column":8},"end":{"line":109,"column":46}},"56":{"start":{"line":112,"column":8},"end":{"line":112,"column":39}},"57":{"start":{"line":114,"column":8},"end":{"line":114,"column":50}},"58":{"start":{"line":120,"column":4},"end":{"line":120,"column":50}},"59":{"start":{"line":123,"column":4},"end":{"line":123,"column":34}},"60":{"start":{"line":125,"column":26},"end":{"line":125,"column":66}},"61":{"start":{"line":126,"column":21},"end":{"line":126,"column":56}},"62":{"start":{"line":127,"column":22},"end":{"line":127,"column":54}},"63":{"start":{"line":130,"column":4},"end":{"line":195,"column":5}},"64":{"start":{"line":131,"column":8},"end":{"line":188,"column":9}},"65":{"start":{"line":133,"column":12},"end":{"line":133,"column":49}},"66":{"start":{"line":134,"column":12},"end":{"line":134,"column":51}},"67":{"start":{"line":135,"column":12},"end":{"line":135,"column":52}},"68":{"start":{"line":136,"column":12},"end":{"line":136,"column":44}},"69":{"start":{"line":137,"column":12},"end":{"line":137,"column":44}},"70":{"start":{"line":138,"column":12},"end":{"line":138,"column":54}},"71":{"start":{"line":139,"column":12},"end":{"line":139,"column":52}},"72":{"start":{"line":142,"column":12},"end":{"line":163,"column":15}},"73":{"start":{"line":143,"column":16},"end":{"line":143,"column":47}},"74":{"start":{"line":144,"column":16},"end":{"line":144,"column":62}},"75":{"start":{"line":145,"column":16},"end":{"line":145,"column":60}},"76":{"start":{"line":149,"column":16},"end":{"line":162,"column":23}},"77":{"start":{"line":151,"column":24},"end":{"line":161,"column":25}},"78":{"start":{"line":153,"column":28},"end":{"line":153,"column":66}},"79":{"start":{"line":154,"column":28},"end":{"line":154,"column":69}},"80":{"start":{"line":155,"column":28},"end":{"line":155,"column":89}},"81":{"start":{"line":156,"column":28},"end":{"line":156,"column":81}},"82":{"start":{"line":158,"column":28},"end":{"line":158,"column":60}},"83":{"start":{"line":159,"column":28},"end":{"line":159,"column":70}},"84":{"start":{"line":160,"column":28},"end":{"line":160,"column":68}},"85":{"start":{"line":166,"column":12},"end":{"line":166,"column":49}},"86":{"start":{"line":167,"column":12},"end":{"line":167,"column":50}},"87":{"start":{"line":168,"column":12},"end":{"line":168,"column":53}},"88":{"start":{"line":169,"column":12},"end":{"line":169,"column":44}},"89":{"start":{"line":171,"column":12},"end":{"line":187,"column":15}},"90":{"start":{"line":172,"column":16},"end":{"line":172,"column":49}},"91":{"start":{"line":173,"column":16},"end":{"line":173,"column":64}},"92":{"start":{"line":174,"column":16},"end":{"line":174,"column":62}},"93":{"start":{"line":178,"column":16},"end":{"line":186,"column":23}},"94":{"start":{"line":180,"column":24},"end":{"line":185,"column":25}},"95":{"start":{"line":182,"column":28},"end":{"line":182,"column":62}},"96":{"start":{"line":183,"column":28},"end":{"line":183,"column":72}},"97":{"start":{"line":184,"column":28},"end":{"line":184,"column":70}},"98":{"start":{"line":191,"column":8},"end":{"line":191,"column":45}},"99":{"start":{"line":192,"column":8},"end":{"line":192,"column":46}},"100":{"start":{"line":193,"column":8},"end":{"line":193,"column":48}},"101":{"start":{"line":194,"column":8},"end":{"line":194,"column":41}},"102":{"start":{"line":199,"column":4},"end":{"line":199,"column":77}},"103":{"start":{"line":200,"column":4},"end":{"line":200,"column":64}},"104":{"start":{"line":201,"column":30},"end":{"line":201,"column":73}},"105":{"start":{"line":202,"column":4},"end":{"line":206,"column":5}},"106":{"start":{"line":203,"column":8},"end":{"line":203,"column":83}},"107":{"start":{"line":205,"column":8},"end":{"line":205,"column":78}},"108":{"start":{"line":209,"column":4},"end":{"line":209,"column":72}},"109":{"start":{"line":210,"column":4},"end":{"line":210,"column":94}},"110":{"start":{"line":211,"column":4},"end":{"line":211,"column":98}},"111":{"start":{"line":216,"column":24},"end":{"line":216,"column":63}},"112":{"start":{"line":217,"column":21},"end":{"line":217,"column":25}},"113":{"start":{"line":219,"column":4},"end":{"line":221,"column":5}},"114":{"start":{"line":220,"column":8},"end":{"line":220,"column":36}},"115":{"start":{"line":223,"column":4},"end":{"line":223,"column":31}},"116":{"start":{"line":225,"column":4},"end":{"line":253,"column":7}},"117":{"start":{"line":226,"column":28},"end":{"line":226,"column":56}},"118":{"start":{"line":227,"column":8},"end":{"line":227,"column":50}},"119":{"start":{"line":230,"column":8},"end":{"line":250,"column":9}},"120":{"start":{"line":231,"column":12},"end":{"line":237,"column":13}},"121":{"start":{"line":232,"column":16},"end":{"line":232,"column":50}},"122":{"start":{"line":233,"column":19},"end":{"line":237,"column":13}},"123":{"start":{"line":234,"column":16},"end":{"line":234,"column":50}},"124":{"start":{"line":235,"column":19},"end":{"line":237,"column":13}},"125":{"start":{"line":236,"column":16},"end":{"line":236,"column":50}},"126":{"start":{"line":239,"column":12},"end":{"line":239,"column":64}},"127":{"start":{"line":240,"column":12},"end":{"line":243,"column":14}},"128":{"start":{"line":245,"column":12},"end":{"line":245,"column":58}},"129":{"start":{"line":246,"column":12},"end":{"line":249,"column":14}},"130":{"start":{"line":252,"column":8},"end":{"line":252,"column":45}},"131":{"start":{"line":257,"column":24},"end":{"line":257,"column":63}},"132":{"start":{"line":259,"column":4},"end":{"line":259,"column":31}},"133":{"start":{"line":260,"column":4},"end":{"line":295,"column":7}},"134":{"start":{"line":261,"column":28},"end":{"line":261,"column":56}},"135":{"start":{"line":262,"column":8},"end":{"line":262,"column":50}},"136":{"start":{"line":264,"column":8},"end":{"line":268,"column":9}},"137":{"start":{"line":265,"column":30},"end":{"line":265,"column":37}},"138":{"start":{"line":266,"column":34},"end":{"line":266,"column":59}},"139":{"start":{"line":267,"column":12},"end":{"line":267,"column":46}},"140":{"start":{"line":270,"column":25},"end":{"line":270,"column":45}},"141":{"start":{"line":271,"column":22},"end":{"line":271,"column":36}},"142":{"start":{"line":274,"column":8},"end":{"line":286,"column":9}},"143":{"start":{"line":275,"column":12},"end":{"line":281,"column":13}},"144":{"start":{"line":276,"column":16},"end":{"line":276,"column":50}},"145":{"start":{"line":277,"column":19},"end":{"line":281,"column":13}},"146":{"start":{"line":278,"column":16},"end":{"line":278,"column":50}},"147":{"start":{"line":279,"column":19},"end":{"line":281,"column":13}},"148":{"start":{"line":280,"column":16},"end":{"line":280,"column":50}},"149":{"start":{"line":283,"column":12},"end":{"line":283,"column":64}},"150":{"start":{"line":285,"column":12},"end":{"line":285,"column":58}},"151":{"start":{"line":289,"column":8},"end":{"line":292,"column":10}},"152":{"start":{"line":294,"column":8},"end":{"line":294,"column":45}},"153":{"start":{"line":298,"column":4},"end":{"line":298,"column":66}},"154":{"start":{"line":301,"column":15},"end":{"line":301,"column":17}},"155":{"start":{"line":302,"column":22},"end":{"line":302,"column":42}},"156":{"start":{"line":303,"column":23},"end":{"line":303,"column":65}},"157":{"start":{"line":304,"column":0},"end":{"line":304,"column":53}},"158":{"start":{"line":308,"column":18},"end":{"line":308,"column":50}},"159":{"start":{"line":309,"column":20},"end":{"line":309,"column":59}},"160":{"start":{"line":310,"column":20},"end":{"line":310,"column":38}},"161":{"start":{"line":312,"column":24},"end":{"line":312,"column":65}},"162":{"start":{"line":313,"column":4},"end":{"line":318,"column":5}},"163":{"start":{"line":314,"column":8},"end":{"line":314,"column":114}},"164":{"start":{"line":315,"column":8},"end":{"line":315,"column":65}},"165":{"start":{"line":317,"column":8},"end":{"line":317,"column":151}},"166":{"start":{"line":319,"column":19},"end":{"line":319,"column":67}},"167":{"start":{"line":320,"column":4},"end":{"line":320,"column":51}},"168":{"start":{"line":322,"column":4},"end":{"line":330,"column":5}},"169":{"start":{"line":323,"column":8},"end":{"line":323,"column":24}},"170":{"start":{"line":325,"column":8},"end":{"line":325,"column":37}},"171":{"start":{"line":326,"column":8},"end":{"line":326,"column":41}},"172":{"start":{"line":327,"column":8},"end":{"line":327,"column":33}},"173":{"start":{"line":328,"column":8},"end":{"line":328,"column":48}},"174":{"start":{"line":329,"column":8},"end":{"line":329,"column":46}},"175":{"start":{"line":336,"column":21},"end":{"line":336,"column":50}},"176":{"start":{"line":337,"column":22},"end":{"line":337,"column":54}},"177":{"start":{"line":338,"column":28},"end":{"line":338,"column":99}},"178":{"start":{"line":340,"column":4},"end":{"line":343,"column":5}},"179":{"start":{"line":341,"column":8},"end":{"line":341,"column":70}},"180":{"start":{"line":342,"column":8},"end":{"line":342,"column":15}},"181":{"start":{"line":345,"column":4},"end":{"line":348,"column":5}},"182":{"start":{"line":346,"column":8},"end":{"line":346,"column":70}},"183":{"start":{"line":347,"column":8},"end":{"line":347,"column":15}},"184":{"start":{"line":350,"column":4},"end":{"line":350,"column":40}},"185":{"start":{"line":351,"column":4},"end":{"line":351,"column":20}},"186":{"start":{"line":356,"column":4},"end":{"line":356,"column":59}},"187":{"start":{"line":361,"column":4},"end":{"line":361,"column":62}},"188":{"start":{"line":366,"column":4},"end":{"line":366,"column":67}},"189":{"start":{"line":371,"column":4},"end":{"line":379,"column":7}},"190":{"start":{"line":384,"column":4},"end":{"line":384,"column":27}},"191":{"start":{"line":386,"column":20},"end":{"line":386,"column":54}},"192":{"start":{"line":389,"column":26},"end":{"line":396,"column":16}},"193":{"start":{"line":398,"column":4},"end":{"line":415,"column":5}},"194":{"start":{"line":399,"column":25},"end":{"line":406,"column":10}},"195":{"start":{"line":408,"column":8},"end":{"line":410,"column":9}},"196":{"start":{"line":409,"column":12},"end":{"line":409,"column":94}},"197":{"start":{"line":412,"column":8},"end":{"line":412,"column":92}},"198":{"start":{"line":414,"column":8},"end":{"line":414,"column":32}},"199":{"start":{"line":420,"column":4},"end":{"line":420,"column":35}},"200":{"start":{"line":421,"column":4},"end":{"line":421,"column":69}},"201":{"start":{"line":422,"column":4},"end":{"line":422,"column":67}},"202":{"start":{"line":427,"column":4},"end":{"line":427,"column":24}},"203":{"start":{"line":431,"column":0},"end":{"line":431,"column":46}},"204":{"start":{"line":434,"column":0},"end":{"line":438,"column":3}},"205":{"start":{"line":435,"column":4},"end":{"line":437,"column":5}},"206":{"start":{"line":436,"column":8},"end":{"line":436,"column":20}},"207":{"start":{"line":440,"column":0},"end":{"line":457,"column":3}},"208":{"start":{"line":441,"column":4},"end":{"line":441,"column":55}},"209":{"start":{"line":442,"column":4},"end":{"line":449,"column":5}},"210":{"start":{"line":443,"column":8},"end":{"line":443,"column":48}},"211":{"start":{"line":444,"column":8},"end":{"line":444,"column":49}},"212":{"start":{"line":447,"column":8},"end":{"line":447,"column":48}},"213":{"start":{"line":448,"column":8},"end":{"line":448,"column":49}},"214":{"start":{"line":450,"column":4},"end":{"line":456,"column":5}},"215":{"start":{"line":451,"column":8},"end":{"line":451,"column":57}},"216":{"start":{"line":452,"column":8},"end":{"line":452,"column":39}},"217":{"start":{"line":453,"column":8},"end":{"line":455,"column":11}},"218":{"start":{"line":454,"column":12},"end":{"line":454,"column":41}},"219":{"start":{"line":459,"column":0},"end":{"line":476,"column":3}},"220":{"start":{"line":460,"column":4},"end":{"line":460,"column":51}},"221":{"start":{"line":462,"column":17},"end":{"line":462,"column":48}},"222":{"start":{"line":463,"column":26},"end":{"line":463,"column":68}},"223":{"start":{"line":464,"column":21},"end":{"line":464,"column":58}},"224":{"start":{"line":465,"column":31},"end":{"line":465,"column":76}},"225":{"start":{"line":467,"column":4},"end":{"line":467,"column":85}},"226":{"start":{"line":468,"column":4},"end":{"line":468,"column":53}},"227":{"start":{"line":470,"column":4},"end":{"line":470,"column":45}},"228":{"start":{"line":471,"column":4},"end":{"line":471,"column":65}},"229":{"start":{"line":472,"column":4},"end":{"line":472,"column":55}},"230":{"start":{"line":475,"column":4},"end":{"line":475,"column":69}},"231":{"start":{"line":477,"column":0},"end":{"line":481,"column":3}},"232":{"start":{"line":478,"column":15},"end":{"line":478,"column":28}},"233":{"start":{"line":479,"column":4},"end":{"line":479,"column":39}},"234":{"start":{"line":480,"column":4},"end":{"line":480,"column":41}},"235":{"start":{"line":482,"column":0},"end":{"line":491,"column":3}},"236":{"start":{"line":484,"column":4},"end":{"line":484,"column":56}},"237":{"start":{"line":485,"column":4},"end":{"line":485,"column":38}},"238":{"start":{"line":486,"column":4},"end":{"line":486,"column":40}},"239":{"start":{"line":487,"column":4},"end":{"line":487,"column":40}},"240":{"start":{"line":488,"column":4},"end":{"line":490,"column":7}},"241":{"start":{"line":489,"column":8},"end":{"line":489,"column":40}},"242":{"start":{"line":492,"column":0},"end":{"line":525,"column":3}},"243":{"start":{"line":493,"column":4},"end":{"line":524,"column":7}},"244":{"start":{"line":506,"column":8},"end":{"line":523,"column":9}},"245":{"start":{"line":508,"column":32},"end":{"line":508,"column":68}},"246":{"start":{"line":511,"column":12},"end":{"line":511,"column":80}},"247":{"start":{"line":514,"column":12},"end":{"line":516,"column":15}},"248":{"start":{"line":515,"column":16},"end":{"line":515,"column":64}},"249":{"start":{"line":517,"column":12},"end":{"line":517,"column":48}},"250":{"start":{"line":520,"column":12},"end":{"line":522,"column":21}},"251":{"start":{"line":521,"column":16},"end":{"line":521,"column":57}},"252":{"start":{"line":527,"column":18},"end":{"line":527,"column":22}},"253":{"start":{"line":531,"column":4},"end":{"line":543,"column":5}},"254":{"start":{"line":532,"column":29},"end":{"line":534,"column":10}},"255":{"start":{"line":535,"column":8},"end":{"line":535,"column":93}},"256":{"start":{"line":535,"column":30},"end":{"line":535,"column":93}},"257":{"start":{"line":536,"column":30},"end":{"line":536,"column":55}},"258":{"start":{"line":537,"column":30},"end":{"line":537,"column":56}},"259":{"start":{"line":538,"column":25},"end":{"line":538,"column":50}},"260":{"start":{"line":539,"column":8},"end":{"line":539,"column":24}},"261":{"start":{"line":541,"column":8},"end":{"line":541,"column":29}},"262":{"start":{"line":542,"column":8},"end":{"line":542,"column":20}},"263":{"start":{"line":551,"column":0},"end":{"line":557,"column":3}},"264":{"start":{"line":552,"column":4},"end":{"line":552,"column":33}},"265":{"start":{"line":553,"column":4},"end":{"line":553,"column":25}},"266":{"start":{"line":554,"column":4},"end":{"line":554,"column":45}},"267":{"start":{"line":556,"column":4},"end":{"line":556,"column":67}},"268":{"start":{"line":563,"column":4},"end":{"line":655,"column":5}},"269":{"start":{"line":565,"column":25},"end":{"line":565,"column":80}},"270":{"start":{"line":567,"column":30},"end":{"line":567,"column":51}},"271":{"start":{"line":568,"column":30},"end":{"line":568,"column":56}},"272":{"start":{"line":569,"column":21},"end":{"line":569,"column":46}},"273":{"start":{"line":571,"column":8},"end":{"line":571,"column":68}},"274":{"start":{"line":573,"column":29},"end":{"line":573,"column":51}},"275":{"start":{"line":574,"column":26},"end":{"line":574,"column":53}},"276":{"start":{"line":575,"column":26},"end":{"line":575,"column":53}},"277":{"start":{"line":577,"column":8},"end":{"line":595,"column":10}},"278":{"start":{"line":578,"column":12},"end":{"line":578,"column":49}},"279":{"start":{"line":579,"column":36},"end":{"line":582,"column":13}},"280":{"start":{"line":583,"column":39},"end":{"line":586,"column":13}},"281":{"start":{"line":587,"column":43},"end":{"line":590,"column":13}},"282":{"start":{"line":591,"column":12},"end":{"line":591,"column":64}},"283":{"start":{"line":592,"column":12},"end":{"line":592,"column":60}},"284":{"start":{"line":593,"column":12},"end":{"line":593,"column":57}},"285":{"start":{"line":594,"column":12},"end":{"line":594,"column":31}},"286":{"start":{"line":597,"column":8},"end":{"line":639,"column":10}},"287":{"start":{"line":598,"column":28},"end":{"line":598,"column":50}},"288":{"start":{"line":599,"column":12},"end":{"line":638,"column":13}},"289":{"start":{"line":600,"column":36},"end":{"line":600,"column":48}},"290":{"start":{"line":601,"column":16},"end":{"line":605,"column":17}},"291":{"start":{"line":602,"column":20},"end":{"line":602,"column":64}},"292":{"start":{"line":604,"column":20},"end":{"line":604,"column":67}},"293":{"start":{"line":606,"column":16},"end":{"line":606,"column":44}},"294":{"start":{"line":607,"column":19},"end":{"line":638,"column":13}},"295":{"start":{"line":609,"column":38},"end":{"line":609,"column":50}},"296":{"start":{"line":610,"column":32},"end":{"line":610,"column":36}},"297":{"start":{"line":611,"column":36},"end":{"line":611,"column":40}},"298":{"start":{"line":612,"column":16},"end":{"line":633,"column":17}},"299":{"start":{"line":614,"column":24},"end":{"line":614,"column":126}},"300":{"start":{"line":615,"column":24},"end":{"line":615,"column":30}},"301":{"start":{"line":617,"column":24},"end":{"line":617,"column":63}},"302":{"start":{"line":618,"column":24},"end":{"line":618,"column":66}},"303":{"start":{"line":619,"column":24},"end":{"line":619,"column":58}},"304":{"start":{"line":621,"column":24},"end":{"line":623,"column":25}},"305":{"start":{"line":622,"column":28},"end":{"line":622,"column":40}},"306":{"start":{"line":624,"column":24},"end":{"line":624,"column":70}},"307":{"start":{"line":625,"column":24},"end":{"line":625,"column":38}},"308":{"start":{"line":626,"column":24},"end":{"line":626,"column":30}},"309":{"start":{"line":628,"column":24},"end":{"line":628,"column":70}},"310":{"start":{"line":629,"column":24},"end":{"line":629,"column":30}},"311":{"start":{"line":631,"column":24},"end":{"line":631,"column":72}},"312":{"start":{"line":632,"column":24},"end":{"line":632,"column":30}},"313":{"start":{"line":634,"column":19},"end":{"line":638,"column":13}},"314":{"start":{"line":635,"column":36},"end":{"line":635,"column":48}},"315":{"start":{"line":636,"column":16},"end":{"line":636,"column":54}},"316":{"start":{"line":637,"column":16},"end":{"line":637,"column":30}},"317":{"start":{"line":641,"column":8},"end":{"line":647,"column":10}},"318":{"start":{"line":642,"column":12},"end":{"line":642,"column":44}},"319":{"start":{"line":643,"column":12},"end":{"line":643,"column":54}},"320":{"start":{"line":644,"column":12},"end":{"line":644,"column":57}},"321":{"start":{"line":645,"column":12},"end":{"line":645,"column":52}},"322":{"start":{"line":649,"column":8},"end":{"line":652,"column":10}},"323":{"start":{"line":650,"column":12},"end":{"line":650,"column":56}},"324":{"start":{"line":654,"column":8},"end":{"line":654,"column":50}},"325":{"start":{"line":659,"column":4},"end":{"line":704,"column":5}},"326":{"start":{"line":660,"column":8},"end":{"line":669,"column":43}},"327":{"start":{"line":669,"column":22},"end":{"line":669,"column":41}},"328":{"start":{"line":670,"column":11},"end":{"line":704,"column":5}},"329":{"start":{"line":671,"column":8},"end":{"line":680,"column":43}},"330":{"start":{"line":680,"column":22},"end":{"line":680,"column":41}},"331":{"start":{"line":681,"column":11},"end":{"line":704,"column":5}},"332":{"start":{"line":682,"column":8},"end":{"line":692,"column":43}},"333":{"start":{"line":692,"column":22},"end":{"line":692,"column":41}},"334":{"start":{"line":694,"column":8},"end":{"line":703,"column":43}},"335":{"start":{"line":703,"column":22},"end":{"line":703,"column":41}},"336":{"start":{"line":708,"column":24},"end":{"line":708,"column":60}},"337":{"start":{"line":711,"column":4},"end":{"line":711,"column":72}},"338":{"start":{"line":714,"column":4},"end":{"line":716,"column":7}},"339":{"start":{"line":715,"column":8},"end":{"line":715,"column":56}},"340":{"start":{"line":717,"column":4},"end":{"line":717,"column":40}},"341":{"start":{"line":719,"column":4},"end":{"line":721,"column":13}},"342":{"start":{"line":720,"column":8},"end":{"line":720,"column":49}},"343":{"start":{"line":724,"column":4},"end":{"line":734,"column":5}},"344":{"start":{"line":725,"column":29},"end":{"line":727,"column":10}},"345":{"start":{"line":728,"column":8},"end":{"line":728,"column":93}},"346":{"start":{"line":728,"column":30},"end":{"line":728,"column":93}},"347":{"start":{"line":729,"column":25},"end":{"line":729,"column":50}},"348":{"start":{"line":730,"column":8},"end":{"line":730,"column":111}},"349":{"start":{"line":732,"column":8},"end":{"line":732,"column":29}},"350":{"start":{"line":733,"column":8},"end":{"line":733,"column":20}},"351":{"start":{"line":738,"column":24},"end":{"line":742,"column":5}},"352":{"start":{"line":745,"column":20},"end":{"line":749,"column":5}},"353":{"start":{"line":752,"column":4},"end":{"line":752,"column":41}},"354":{"start":{"line":756,"column":21},"end":{"line":756,"column":57}},"355":{"start":{"line":757,"column":23},"end":{"line":757,"column":52}},"356":{"start":{"line":760,"column":4},"end":{"line":764,"column":5}},"357":{"start":{"line":761,"column":8},"end":{"line":761,"column":49}},"358":{"start":{"line":763,"column":8},"end":{"line":763,"column":50}},"359":{"start":{"line":766,"column":4},"end":{"line":773,"column":6}},"360":{"start":{"line":775,"column":4},"end":{"line":775,"column":37}},"361":{"start":{"line":776,"column":4},"end":{"line":776,"column":47}},"362":{"start":{"line":780,"column":0},"end":{"line":835,"column":3}},"363":{"start":{"line":782,"column":4},"end":{"line":782,"column":23}},"364":{"start":{"line":783,"column":4},"end":{"line":799,"column":5}},"365":{"start":{"line":785,"column":8},"end":{"line":797,"column":11}},"366":{"start":{"line":795,"column":12},"end":{"line":795,"column":35}},"367":{"start":{"line":796,"column":12},"end":{"line":796,"column":49}},"368":{"start":{"line":802,"column":19},"end":{"line":802,"column":53}},"369":{"start":{"line":803,"column":4},"end":{"line":805,"column":5}},"370":{"start":{"line":804,"column":8},"end":{"line":804,"column":86}},"371":{"start":{"line":807,"column":26},"end":{"line":807,"column":59}},"372":{"start":{"line":810,"column":4},"end":{"line":812,"column":5}},"373":{"start":{"line":811,"column":8},"end":{"line":811,"column":70}},"374":{"start":{"line":814,"column":4},"end":{"line":822,"column":7}},"375":{"start":{"line":815,"column":29},"end":{"line":815,"column":66}},"376":{"start":{"line":816,"column":24},"end":{"line":816,"column":49}},"377":{"start":{"line":818,"column":8},"end":{"line":821,"column":9}},"378":{"start":{"line":819,"column":12},"end":{"line":819,"column":33}},"379":{"start":{"line":820,"column":12},"end":{"line":820,"column":36}},"380":{"start":{"line":825,"column":4},"end":{"line":833,"column":7}},"381":{"start":{"line":826,"column":8},"end":{"line":832,"column":9}},"382":{"start":{"line":827,"column":28},"end":{"line":827,"column":45}},"383":{"start":{"line":828,"column":12},"end":{"line":831,"column":13}},"384":{"start":{"line":829,"column":16},"end":{"line":829,"column":37}},"385":{"start":{"line":830,"column":16},"end":{"line":830,"column":32}},"386":{"start":{"line":836,"column":14},"end":{"line":836,"column":46}},"387":{"start":{"line":840,"column":4},"end":{"line":840,"column":32}},"388":{"start":{"line":843,"column":4},"end":{"line":845,"column":13}},"389":{"start":{"line":844,"column":8},"end":{"line":844,"column":39}}},"fnMap":{"0":{"name":"decryptData","decl":{"start":{"line":31,"column":9},"end":{"line":31,"column":20}},"loc":{"start":{"line":31,"column":33},"end":{"line":49,"column":1}},"line":31},"1":{"name":"getAuthHeaders","decl":{"start":{"line":50,"column":9},"end":{"line":50,"column":23}},"loc":{"start":{"line":50,"column":26},"end":{"line":56,"column":1}},"line":50},"2":{"name":"fetchAuctionData","decl":{"start":{"line":60,"column":15},"end":{"line":60,"column":31}},"loc":{"start":{"line":60,"column":34},"end":{"line":116,"column":1}},"line":60},"3":{"name":"initializeAuctionPage","decl":{"start":{"line":119,"column":9},"end":{"line":119,"column":30}},"loc":{"start":{"line":119,"column":37},"end":{"line":212,"column":1}},"line":119},"4":{"name":"(anonymous_4)","decl":{"start":{"line":142,"column":53},"end":{"line":142,"column":54}},"loc":{"start":{"line":142,"column":59},"end":{"line":163,"column":13}},"line":142},"5":{"name":"(anonymous_5)","decl":{"start":{"line":150,"column":26},"end":{"line":150,"column":27}},"loc":{"start":{"line":150,"column":38},"end":{"line":162,"column":21}},"line":150},"6":{"name":"(anonymous_6)","decl":{"start":{"line":171,"column":55},"end":{"line":171,"column":56}},"loc":{"start":{"line":171,"column":61},"end":{"line":187,"column":13}},"line":171},"7":{"name":"(anonymous_7)","decl":{"start":{"line":179,"column":26},"end":{"line":179,"column":27}},"loc":{"start":{"line":179,"column":38},"end":{"line":186,"column":21}},"line":179},"8":{"name":"generateRanking","decl":{"start":{"line":215,"column":9},"end":{"line":215,"column":24}},"loc":{"start":{"line":215,"column":31},"end":{"line":254,"column":1}},"line":215},"9":{"name":"(anonymous_9)","decl":{"start":{"line":225,"column":21},"end":{"line":225,"column":22}},"loc":{"start":{"line":225,"column":38},"end":{"line":253,"column":5}},"line":225},"10":{"name":"generateRankingTopic","decl":{"start":{"line":256,"column":9},"end":{"line":256,"column":29}},"loc":{"start":{"line":256,"column":36},"end":{"line":296,"column":1}},"line":256},"11":{"name":"(anonymous_11)","decl":{"start":{"line":260,"column":17},"end":{"line":260,"column":18}},"loc":{"start":{"line":260,"column":34},"end":{"line":295,"column":5}},"line":260},"12":{"name":"formatMoney","decl":{"start":{"line":297,"column":9},"end":{"line":297,"column":20}},"loc":{"start":{"line":297,"column":28},"end":{"line":299,"column":1}},"line":297},"13":{"name":"updateTimer","decl":{"start":{"line":306,"column":9},"end":{"line":306,"column":20}},"loc":{"start":{"line":306,"column":23},"end":{"line":331,"column":1}},"line":306},"14":{"name":"handleBid","decl":{"start":{"line":335,"column":15},"end":{"line":335,"column":24}},"loc":{"start":{"line":335,"column":27},"end":{"line":352,"column":1}},"line":335},"15":{"name":"sanitizeInput","decl":{"start":{"line":355,"column":9},"end":{"line":355,"column":22}},"loc":{"start":{"line":355,"column":30},"end":{"line":357,"column":1}},"line":355},"16":{"name":"isValidBid","decl":{"start":{"line":360,"column":9},"end":{"line":360,"column":19}},"loc":{"start":{"line":360,"column":27},"end":{"line":362,"column":1}},"line":360},"17":{"name":"hasSufficientFunds","decl":{"start":{"line":365,"column":9},"end":{"line":365,"column":27}},"loc":{"start":{"line":365,"column":55},"end":{"line":367,"column":1}},"line":365},"18":{"name":"showAlert","decl":{"start":{"line":370,"column":9},"end":{"line":370,"column":18}},"loc":{"start":{"line":370,"column":38},"end":{"line":380,"column":1}},"line":370},"19":{"name":"placeBid","decl":{"start":{"line":383,"column":15},"end":{"line":383,"column":23}},"loc":{"start":{"line":383,"column":45},"end":{"line":416,"column":1}},"line":383},"20":{"name":"disableBidButton","decl":{"start":{"line":419,"column":9},"end":{"line":419,"column":25}},"loc":{"start":{"line":419,"column":38},"end":{"line":423,"column":1}},"line":419},"21":{"name":"resetBidInput","decl":{"start":{"line":426,"column":9},"end":{"line":426,"column":22}},"loc":{"start":{"line":426,"column":25},"end":{"line":428,"column":1}},"line":426},"22":{"name":"(anonymous_22)","decl":{"start":{"line":434,"column":37},"end":{"line":434,"column":38}},"loc":{"start":{"line":434,"column":54},"end":{"line":438,"column":1}},"line":434},"23":{"name":"(anonymous_23)","decl":{"start":{"line":440,"column":31},"end":{"line":440,"column":32}},"loc":{"start":{"line":440,"column":37},"end":{"line":457,"column":1}},"line":440},"24":{"name":"(anonymous_24)","decl":{"start":{"line":453,"column":22},"end":{"line":453,"column":23}},"loc":{"start":{"line":453,"column":32},"end":{"line":455,"column":9}},"line":453},"25":{"name":"(anonymous_25)","decl":{"start":{"line":459,"column":35},"end":{"line":459,"column":36}},"loc":{"start":{"line":459,"column":47},"end":{"line":476,"column":1}},"line":459},"26":{"name":"(anonymous_26)","decl":{"start":{"line":477,"column":34},"end":{"line":477,"column":35}},"loc":{"start":{"line":477,"column":40},"end":{"line":481,"column":1}},"line":477},"27":{"name":"(anonymous_27)","decl":{"start":{"line":482,"column":31},"end":{"line":482,"column":32}},"loc":{"start":{"line":482,"column":37},"end":{"line":491,"column":1}},"line":482},"28":{"name":"(anonymous_28)","decl":{"start":{"line":488,"column":18},"end":{"line":488,"column":19}},"loc":{"start":{"line":488,"column":28},"end":{"line":490,"column":5}},"line":488},"29":{"name":"(anonymous_29)","decl":{"start":{"line":492,"column":35},"end":{"line":492,"column":36}},"loc":{"start":{"line":492,"column":41},"end":{"line":525,"column":1}},"line":492},"30":{"name":"(anonymous_30)","decl":{"start":{"line":505,"column":12},"end":{"line":505,"column":13}},"loc":{"start":{"line":505,"column":24},"end":{"line":524,"column":5}},"line":505},"31":{"name":"(anonymous_31)","decl":{"start":{"line":514,"column":57},"end":{"line":514,"column":58}},"loc":{"start":{"line":514,"column":63},"end":{"line":516,"column":13}},"line":514},"32":{"name":"(anonymous_32)","decl":{"start":{"line":520,"column":23},"end":{"line":520,"column":24}},"loc":{"start":{"line":520,"column":29},"end":{"line":522,"column":13}},"line":520},"33":{"name":"fetchUserData","decl":{"start":{"line":530,"column":15},"end":{"line":530,"column":28}},"loc":{"start":{"line":530,"column":31},"end":{"line":544,"column":1}},"line":530},"34":{"name":"(anonymous_34)","decl":{"start":{"line":551,"column":21},"end":{"line":551,"column":22}},"loc":{"start":{"line":551,"column":33},"end":{"line":555,"column":1}},"line":551},"35":{"name":"(anonymous_35)","decl":{"start":{"line":555,"column":9},"end":{"line":555,"column":10}},"loc":{"start":{"line":555,"column":18},"end":{"line":557,"column":1}},"line":555},"36":{"name":"connectWebSocket","decl":{"start":{"line":562,"column":15},"end":{"line":562,"column":31}},"loc":{"start":{"line":562,"column":34},"end":{"line":656,"column":1}},"line":562},"37":{"name":"(anonymous_37)","decl":{"start":{"line":577,"column":24},"end":{"line":577,"column":25}},"loc":{"start":{"line":577,"column":30},"end":{"line":595,"column":9}},"line":577},"38":{"name":"(anonymous_38)","decl":{"start":{"line":597,"column":27},"end":{"line":597,"column":28}},"loc":{"start":{"line":597,"column":38},"end":{"line":639,"column":9}},"line":597},"39":{"name":"(anonymous_39)","decl":{"start":{"line":641,"column":25},"end":{"line":641,"column":26}},"loc":{"start":{"line":641,"column":36},"end":{"line":647,"column":9}},"line":641},"40":{"name":"(anonymous_40)","decl":{"start":{"line":649,"column":25},"end":{"line":649,"column":26}},"loc":{"start":{"line":649,"column":36},"end":{"line":652,"column":9}},"line":649},"41":{"name":"handleAuctionFinalized","decl":{"start":{"line":658,"column":9},"end":{"line":658,"column":31}},"loc":{"start":{"line":658,"column":43},"end":{"line":705,"column":1}},"line":658},"42":{"name":"(anonymous_42)","decl":{"start":{"line":669,"column":16},"end":{"line":669,"column":17}},"loc":{"start":{"line":669,"column":22},"end":{"line":669,"column":41}},"line":669},"43":{"name":"(anonymous_43)","decl":{"start":{"line":680,"column":16},"end":{"line":680,"column":17}},"loc":{"start":{"line":680,"column":22},"end":{"line":680,"column":41}},"line":680},"44":{"name":"(anonymous_44)","decl":{"start":{"line":692,"column":16},"end":{"line":692,"column":17}},"loc":{"start":{"line":692,"column":22},"end":{"line":692,"column":41}},"line":692},"45":{"name":"(anonymous_45)","decl":{"start":{"line":703,"column":16},"end":{"line":703,"column":17}},"loc":{"start":{"line":703,"column":22},"end":{"line":703,"column":41}},"line":703},"46":{"name":"triggerExitAction","decl":{"start":{"line":707,"column":9},"end":{"line":707,"column":26}},"loc":{"start":{"line":707,"column":29},"end":{"line":722,"column":1}},"line":707},"47":{"name":"(anonymous_47)","decl":{"start":{"line":714,"column":49},"end":{"line":714,"column":50}},"loc":{"start":{"line":714,"column":55},"end":{"line":716,"column":5}},"line":714},"48":{"name":"(anonymous_48)","decl":{"start":{"line":719,"column":15},"end":{"line":719,"column":16}},"loc":{"start":{"line":719,"column":21},"end":{"line":721,"column":5}},"line":719},"49":{"name":"updatemoney","decl":{"start":{"line":723,"column":15},"end":{"line":723,"column":26}},"loc":{"start":{"line":723,"column":29},"end":{"line":735,"column":1}},"line":723},"50":{"name":"sendMessage","decl":{"start":{"line":737,"column":9},"end":{"line":737,"column":20}},"loc":{"start":{"line":737,"column":30},"end":{"line":753,"column":1}},"line":737},"51":{"name":"displayMessage","decl":{"start":{"line":755,"column":9},"end":{"line":755,"column":23}},"loc":{"start":{"line":755,"column":37},"end":{"line":777,"column":1}},"line":755},"52":{"name":"(anonymous_52)","decl":{"start":{"line":780,"column":46},"end":{"line":780,"column":47}},"loc":{"start":{"line":780,"column":58},"end":{"line":835,"column":1}},"line":780},"53":{"name":"(anonymous_53)","decl":{"start":{"line":794,"column":16},"end":{"line":794,"column":17}},"loc":{"start":{"line":794,"column":22},"end":{"line":797,"column":9}},"line":794},"54":{"name":"(anonymous_54)","decl":{"start":{"line":814,"column":70},"end":{"line":814,"column":71}},"loc":{"start":{"line":814,"column":82},"end":{"line":822,"column":5}},"line":814},"55":{"name":"(anonymous_55)","decl":{"start":{"line":825,"column":71},"end":{"line":825,"column":72}},"loc":{"start":{"line":825,"column":88},"end":{"line":833,"column":5}},"line":825},"56":{"name":"showPopup","decl":{"start":{"line":839,"column":9},"end":{"line":839,"column":18}},"loc":{"start":{"line":839,"column":21},"end":{"line":846,"column":1}},"line":839},"57":{"name":"(anonymous_57)","decl":{"start":{"line":843,"column":15},"end":{"line":843,"column":16}},"loc":{"start":{"line":843,"column":27},"end":{"line":845,"column":5}},"line":843}},"branchMap":{"0":{"loc":{"start":{"line":41,"column":8},"end":{"line":43,"column":9}},"type":"if","locations":[{"start":{"line":41,"column":8},"end":{"line":43,"column":9}},{"start":{},"end":{}}],"line":41},"1":{"loc":{"start":{"line":64,"column":4},"end":{"line":67,"column":5}},"type":"if","locations":[{"start":{"line":64,"column":4},"end":{"line":67,"column":5}},{"start":{},"end":{}}],"line":64},"2":{"loc":{"start":{"line":75,"column":8},"end":{"line":75,"column":93}},"type":"if","locations":[{"start":{"line":75,"column":8},"end":{"line":75,"column":93}},{"start":{},"end":{}}],"line":75},"3":{"loc":{"start":{"line":86,"column":8},"end":{"line":86,"column":95}},"type":"if","locations":[{"start":{"line":86,"column":8},"end":{"line":86,"column":95}},{"start":{},"end":{}}],"line":86},"4":{"loc":{"start":{"line":130,"column":4},"end":{"line":195,"column":5}},"type":"if","locations":[{"start":{"line":130,"column":4},"end":{"line":195,"column":5}},{"start":{"line":189,"column":11},"end":{"line":195,"column":5}}],"line":130},"5":{"loc":{"start":{"line":131,"column":8},"end":{"line":188,"column":9}},"type":"if","locations":[{"start":{"line":131,"column":8},"end":{"line":188,"column":9}},{"start":{"line":164,"column":15},"end":{"line":188,"column":9}}],"line":131},"6":{"loc":{"start":{"line":151,"column":24},"end":{"line":161,"column":25}},"type":"if","locations":[{"start":{"line":151,"column":24},"end":{"line":161,"column":25}},{"start":{"line":157,"column":31},"end":{"line":161,"column":25}}],"line":151},"7":{"loc":{"start":{"line":180,"column":24},"end":{"line":185,"column":25}},"type":"if","locations":[{"start":{"line":180,"column":24},"end":{"line":185,"column":25}},{"start":{"line":180,"column":62},"end":{"line":185,"column":25}}],"line":180},"8":{"loc":{"start":{"line":202,"column":4},"end":{"line":206,"column":5}},"type":"if","locations":[{"start":{"line":202,"column":4},"end":{"line":206,"column":5}},{"start":{"line":204,"column":11},"end":{"line":206,"column":5}}],"line":202},"9":{"loc":{"start":{"line":202,"column":8},"end":{"line":202,"column":78}},"type":"binary-expr","locations":[{"start":{"line":202,"column":8},"end":{"line":202,"column":31}},{"start":{"line":202,"column":35},"end":{"line":202,"column":78}}],"line":202},"10":{"loc":{"start":{"line":219,"column":4},"end":{"line":221,"column":5}},"type":"if","locations":[{"start":{"line":219,"column":4},"end":{"line":221,"column":5}},{"start":{},"end":{}}],"line":219},"11":{"loc":{"start":{"line":230,"column":8},"end":{"line":250,"column":9}},"type":"if","locations":[{"start":{"line":230,"column":8},"end":{"line":250,"column":9}},{"start":{"line":244,"column":15},"end":{"line":250,"column":9}}],"line":230},"12":{"loc":{"start":{"line":230,"column":12},"end":{"line":230,"column":57}},"type":"binary-expr","locations":[{"start":{"line":230,"column":12},"end":{"line":230,"column":27}},{"start":{"line":230,"column":31},"end":{"line":230,"column":57}}],"line":230},"13":{"loc":{"start":{"line":231,"column":12},"end":{"line":237,"column":13}},"type":"if","locations":[{"start":{"line":231,"column":12},"end":{"line":237,"column":13}},{"start":{"line":233,"column":19},"end":{"line":237,"column":13}}],"line":231},"14":{"loc":{"start":{"line":233,"column":19},"end":{"line":237,"column":13}},"type":"if","locations":[{"start":{"line":233,"column":19},"end":{"line":237,"column":13}},{"start":{"line":235,"column":19},"end":{"line":237,"column":13}}],"line":233},"15":{"loc":{"start":{"line":235,"column":19},"end":{"line":237,"column":13}},"type":"if","locations":[{"start":{"line":235,"column":19},"end":{"line":237,"column":13}},{"start":{},"end":{}}],"line":235},"16":{"loc":{"start":{"line":264,"column":8},"end":{"line":268,"column":9}},"type":"if","locations":[{"start":{"line":264,"column":8},"end":{"line":268,"column":9}},{"start":{},"end":{}}],"line":264},"17":{"loc":{"start":{"line":274,"column":8},"end":{"line":286,"column":9}},"type":"if","locations":[{"start":{"line":274,"column":8},"end":{"line":286,"column":9}},{"start":{"line":284,"column":15},"end":{"line":286,"column":9}}],"line":274},"18":{"loc":{"start":{"line":275,"column":12},"end":{"line":281,"column":13}},"type":"if","locations":[{"start":{"line":275,"column":12},"end":{"line":281,"column":13}},{"start":{"line":277,"column":19},"end":{"line":281,"column":13}}],"line":275},"19":{"loc":{"start":{"line":277,"column":19},"end":{"line":281,"column":13}},"type":"if","locations":[{"start":{"line":277,"column":19},"end":{"line":281,"column":13}},{"start":{"line":279,"column":19},"end":{"line":281,"column":13}}],"line":277},"20":{"loc":{"start":{"line":279,"column":19},"end":{"line":281,"column":13}},"type":"if","locations":[{"start":{"line":279,"column":19},"end":{"line":281,"column":13}},{"start":{},"end":{}}],"line":279},"21":{"loc":{"start":{"line":313,"column":4},"end":{"line":318,"column":5}},"type":"if","locations":[{"start":{"line":313,"column":4},"end":{"line":318,"column":5}},{"start":{"line":316,"column":11},"end":{"line":318,"column":5}}],"line":313},"22":{"loc":{"start":{"line":322,"column":4},"end":{"line":330,"column":5}},"type":"if","locations":[{"start":{"line":322,"column":4},"end":{"line":330,"column":5}},{"start":{"line":324,"column":11},"end":{"line":330,"column":5}}],"line":322},"23":{"loc":{"start":{"line":340,"column":4},"end":{"line":343,"column":5}},"type":"if","locations":[{"start":{"line":340,"column":4},"end":{"line":343,"column":5}},{"start":{},"end":{}}],"line":340},"24":{"loc":{"start":{"line":345,"column":4},"end":{"line":348,"column":5}},"type":"if","locations":[{"start":{"line":345,"column":4},"end":{"line":348,"column":5}},{"start":{},"end":{}}],"line":345},"25":{"loc":{"start":{"line":361,"column":11},"end":{"line":361,"column":61}},"type":"binary-expr","locations":[{"start":{"line":361,"column":11},"end":{"line":361,"column":23}},{"start":{"line":361,"column":27},"end":{"line":361,"column":40}},{"start":{"line":361,"column":44},"end":{"line":361,"column":61}}],"line":361},"26":{"loc":{"start":{"line":408,"column":8},"end":{"line":410,"column":9}},"type":"if","locations":[{"start":{"line":408,"column":8},"end":{"line":410,"column":9}},{"start":{},"end":{}}],"line":408},"27":{"loc":{"start":{"line":421,"column":37},"end":{"line":421,"column":68}},"type":"cond-expr","locations":[{"start":{"line":421,"column":50},"end":{"line":421,"column":56}},{"start":{"line":421,"column":59},"end":{"line":421,"column":68}}],"line":421},"28":{"loc":{"start":{"line":422,"column":28},"end":{"line":422,"column":66}},"type":"cond-expr","locations":[{"start":{"line":422,"column":41},"end":{"line":422,"column":54}},{"start":{"line":422,"column":57},"end":{"line":422,"column":66}}],"line":422},"29":{"loc":{"start":{"line":435,"column":4},"end":{"line":437,"column":5}},"type":"if","locations":[{"start":{"line":435,"column":4},"end":{"line":437,"column":5}},{"start":{},"end":{}}],"line":435},"30":{"loc":{"start":{"line":442,"column":4},"end":{"line":449,"column":5}},"type":"if","locations":[{"start":{"line":442,"column":4},"end":{"line":449,"column":5}},{"start":{"line":446,"column":11},"end":{"line":449,"column":5}}],"line":442},"31":{"loc":{"start":{"line":450,"column":4},"end":{"line":456,"column":5}},"type":"if","locations":[{"start":{"line":450,"column":4},"end":{"line":456,"column":5}},{"start":{},"end":{}}],"line":450},"32":{"loc":{"start":{"line":467,"column":30},"end":{"line":467,"column":84}},"type":"cond-expr","locations":[{"start":{"line":467,"column":68},"end":{"line":467,"column":74}},{"start":{"line":467,"column":77},"end":{"line":467,"column":84}}],"line":467},"33":{"loc":{"start":{"line":475,"column":39},"end":{"line":475,"column":68}},"type":"cond-expr","locations":[{"start":{"line":475,"column":52},"end":{"line":475,"column":58}},{"start":{"line":475,"column":61},"end":{"line":475,"column":68}}],"line":475},"34":{"loc":{"start":{"line":506,"column":8},"end":{"line":523,"column":9}},"type":"if","locations":[{"start":{"line":506,"column":8},"end":{"line":523,"column":9}},{"start":{},"end":{}}],"line":506},"35":{"loc":{"start":{"line":535,"column":8},"end":{"line":535,"column":93}},"type":"if","locations":[{"start":{"line":535,"column":8},"end":{"line":535,"column":93}},{"start":{},"end":{}}],"line":535},"36":{"loc":{"start":{"line":599,"column":12},"end":{"line":638,"column":13}},"type":"if","locations":[{"start":{"line":599,"column":12},"end":{"line":638,"column":13}},{"start":{"line":607,"column":19},"end":{"line":638,"column":13}}],"line":599},"37":{"loc":{"start":{"line":601,"column":16},"end":{"line":605,"column":17}},"type":"if","locations":[{"start":{"line":601,"column":16},"end":{"line":605,"column":17}},{"start":{"line":603,"column":23},"end":{"line":605,"column":17}}],"line":601},"38":{"loc":{"start":{"line":607,"column":19},"end":{"line":638,"column":13}},"type":"if","locations":[{"start":{"line":607,"column":19},"end":{"line":638,"column":13}},{"start":{"line":634,"column":19},"end":{"line":638,"column":13}}],"line":607},"39":{"loc":{"start":{"line":612,"column":16},"end":{"line":633,"column":17}},"type":"switch","locations":[{"start":{"line":613,"column":20},"end":{"line":615,"column":30}},{"start":{"line":616,"column":20},"end":{"line":626,"column":30}},{"start":{"line":627,"column":20},"end":{"line":629,"column":30}},{"start":{"line":630,"column":20},"end":{"line":632,"column":30}}],"line":612},"40":{"loc":{"start":{"line":621,"column":24},"end":{"line":623,"column":25}},"type":"if","locations":[{"start":{"line":621,"column":24},"end":{"line":623,"column":25}},{"start":{},"end":{}}],"line":621},"41":{"loc":{"start":{"line":621,"column":28},"end":{"line":621,"column":66}},"type":"binary-expr","locations":[{"start":{"line":621,"column":28},"end":{"line":621,"column":54}},{"start":{"line":621,"column":58},"end":{"line":621,"column":66}}],"line":621},"42":{"loc":{"start":{"line":634,"column":19},"end":{"line":638,"column":13}},"type":"if","locations":[{"start":{"line":634,"column":19},"end":{"line":638,"column":13}},{"start":{},"end":{}}],"line":634},"43":{"loc":{"start":{"line":659,"column":4},"end":{"line":704,"column":5}},"type":"if","locations":[{"start":{"line":659,"column":4},"end":{"line":704,"column":5}},{"start":{"line":670,"column":11},"end":{"line":704,"column":5}}],"line":659},"44":{"loc":{"start":{"line":659,"column":8},"end":{"line":659,"column":53}},"type":"binary-expr","locations":[{"start":{"line":659,"column":8},"end":{"line":659,"column":26}},{"start":{"line":659,"column":30},"end":{"line":659,"column":53}}],"line":659},"45":{"loc":{"start":{"line":670,"column":11},"end":{"line":704,"column":5}},"type":"if","locations":[{"start":{"line":670,"column":11},"end":{"line":704,"column":5}},{"start":{"line":681,"column":11},"end":{"line":704,"column":5}}],"line":670},"46":{"loc":{"start":{"line":670,"column":15},"end":{"line":670,"column":44}},"type":"binary-expr","locations":[{"start":{"line":670,"column":15},"end":{"line":670,"column":33}},{"start":{"line":670,"column":37},"end":{"line":670,"column":44}}],"line":670},"47":{"loc":{"start":{"line":681,"column":11},"end":{"line":704,"column":5}},"type":"if","locations":[{"start":{"line":681,"column":11},"end":{"line":704,"column":5}},{"start":{"line":693,"column":11},"end":{"line":704,"column":5}}],"line":681},"48":{"loc":{"start":{"line":681,"column":15},"end":{"line":681,"column":71}},"type":"binary-expr","locations":[{"start":{"line":681,"column":15},"end":{"line":681,"column":33}},{"start":{"line":681,"column":37},"end":{"line":681,"column":60}},{"start":{"line":681,"column":64},"end":{"line":681,"column":71}}],"line":681},"49":{"loc":{"start":{"line":728,"column":8},"end":{"line":728,"column":93}},"type":"if","locations":[{"start":{"line":728,"column":8},"end":{"line":728,"column":93}},{"start":{},"end":{}}],"line":728},"50":{"loc":{"start":{"line":760,"column":4},"end":{"line":764,"column":5}},"type":"if","locations":[{"start":{"line":760,"column":4},"end":{"line":764,"column":5}},{"start":{"line":762,"column":11},"end":{"line":764,"column":5}}],"line":760},"51":{"loc":{"start":{"line":783,"column":4},"end":{"line":799,"column":5}},"type":"if","locations":[{"start":{"line":783,"column":4},"end":{"line":799,"column":5}},{"start":{},"end":{}}],"line":783},"52":{"loc":{"start":{"line":783,"column":8},"end":{"line":783,"column":81}},"type":"binary-expr","locations":[{"start":{"line":783,"column":8},"end":{"line":783,"column":44}},{"start":{"line":783,"column":48},"end":{"line":783,"column":81}}],"line":783},"53":{"loc":{"start":{"line":803,"column":4},"end":{"line":805,"column":5}},"type":"if","locations":[{"start":{"line":803,"column":4},"end":{"line":805,"column":5}},{"start":{},"end":{}}],"line":803},"54":{"loc":{"start":{"line":810,"column":4},"end":{"line":812,"column":5}},"type":"if","locations":[{"start":{"line":810,"column":4},"end":{"line":812,"column":5}},{"start":{},"end":{}}],"line":810},"55":{"loc":{"start":{"line":811,"column":36},"end":{"line":811,"column":69}},"type":"binary-expr","locations":[{"start":{"line":811,"column":36},"end":{"line":811,"column":44}},{"start":{"line":811,"column":48},"end":{"line":811,"column":69}}],"line":811},"56":{"loc":{"start":{"line":818,"column":8},"end":{"line":821,"column":9}},"type":"if","locations":[{"start":{"line":818,"column":8},"end":{"line":821,"column":9}},{"start":{},"end":{}}],"line":818},"57":{"loc":{"start":{"line":826,"column":8},"end":{"line":832,"column":9}},"type":"if","locations":[{"start":{"line":826,"column":8},"end":{"line":832,"column":9}},{"start":{},"end":{}}],"line":826},"58":{"loc":{"start":{"line":828,"column":12},"end":{"line":831,"column":13}},"type":"if","locations":[{"start":{"line":828,"column":12},"end":{"line":831,"column":13}},{"start":{},"end":{}}],"line":828}},"s":{"0":0,"1":0,"2":0,"3":0,"4":0,"5":0,"6":0,"7":0,"8":0,"9":0,"10":0,"11":0,"12":0,"13":0,"14":0,"15":0,"16":0,"17":0,"18":0,"19":0,"20":0,"21":0,"22":0,"23":0,"24":0,"25":0,"26":0,"27":0,"28":0,"29":0,"30":0,"31":0,"32":0,"33":0,"34":0,"35":0,"36":0,"37":0,"38":0,"39":0,"40":0,"41":0,"42":0,"43":0,"44":0,"45":0,"46":0,"47":0,"48":0,"49":0,"50":0,"51":0,"52":0,"53":0,"54":0,"55":0,"56":0,"57":0,"58":0,"59":0,"60":0,"61":0,"62":0,"63":0,"64":0,"65":0,"66":0,"67":0,"68":0,"69":0,"70":0,"71":0,"72":0,"73":0,"74":0,"75":0,"76":0,"77":0,"78":0,"79":0,"80":0,"81":0,"82":0,"83":0,"84":0,"85":0,"86":0,"87":0,"88":0,"89":0,"90":0,"91":0,"92":0,"93":0,"94":0,"95":0,"96":0,"97":0,"98":0,"99":0,"100":0,"101":0,"102":0,"103":0,"104":0,"105":0,"106":0,"107":0,"108":0,"109":0,"110":0,"111":0,"112":0,"113":0,"114":0,"115":0,"116":0,"117":0,"118":0,"119":0,"120":0,"121":0,"122":0,"123":0,"124":0,"125":0,"126":0,"127":0,"128":0,"129":0,"130":0,"131":0,"132":0,"133":0,"134":0,"135":0,"136":0,"137":0,"138":0,"139":0,"140":0,"141":0,"142":0,"143":0,"144":0,"145":0,"146":0,"147":0,"148":0,"149":0,"150":0,"151":0,"152":0,"153":0,"154":0,"155":0,"156":0,"157":0,"158":0,"159":0,"160":0,"161":0,"162":0,"163":0,"164":0,"165":0,"166":0,"167":0,"168":0,"169":0,"170":0,"171":0,"172":0,"173":0,"174":0,"175":0,"176":0,"177":0,"178":0,"179":0,"180":0,"181":0,"182":0,"183":0,"184":0,"185":0,"186":0,"187":0,"188":0,"189":0,"190":0,"191":0,"192":0,"193":0,"194":0,"195":0,"196":0,"197":0,"198":0,"199":0,"200":0,"201":0,"202":0,"203":0,"204":0,"205":0,"206":0,"207":0,"208":0,"209":0,"210":0,"211":0,"212":0,"213":0,"214":0,"215":0,"216":0,"217":0,"218":0,"219":0,"220":0,"221":0,"222":0,"223":0,"224":0,"225":0,"226":0,"227":0,"228":0,"229":0,"230":0,"231":0,"232":0,"233":0,"234":0,"235":0,"236":0,"237":0,"238":0,"239":0,"240":0,"241":0,"242":0,"243":0,"244":0,"245":0,"246":0,"247":0,"248":0,"249":0,"250":0,"251":0,"252":0,"253":0,"254":0,"255":0,"256":0,"257":0,"258":0,"259":0,"260":0,"261":0,"262":0,"263":0,"264":0,"265":0,"266":0,"267":0,"268":0,"269":0,"270":0,"271":0,"272":0,"273":0,"274":0,"275":0,"276":0,"277":0,"278":0,"279":0,"280":0,"281":0,"282":0,"283":0,"284":0,"285":0,"286":0,"287":0,"288":0,"289":0,"290":0,"291":0,"292":0,"293":0,"294":0,"295":0,"296":0,"297":0,"298":0,"299":0,"300":0,"301":0,"302":0,"303":0,"304":0,"305":0,"306":0,"307":0,"308":0,"309":0,"310":0,"311":0,"312":0,"313":0,"314":0,"315":0,"316":0,"317":0,"318":0,"319":0,"320":0,"321":0,"322":0,"323":0,"324":0,"325":0,"326":0,"327":0,"328":0,"329":0,"330":0,"331":0,"332":0,"333":0,"334":0,"335":0,"336":0,"337":0,"338":0,"339":0,"340":0,"341":0,"342":0,"343":0,"344":0,"345":0,"346":0,"347":0,"348":0,"349":0,"350":0,"351":0,"352":0,"353":0,"354":0,"355":0,"356":0,"357":0,"358":0,"359":0,"360":0,"361":0,"362":0,"363":0,"364":0,"365":0,"366":0,"367":0,"368":0,"369":0,"370":0,"371":0,"372":0,"373":0,"374":0,"375":0,"376":0,"377":0,"378":0,"379":0,"380":0,"381":0,"382":0,"383":0,"384":0,"385":0,"386":0,"387":0,"388":0,"389":0},"f":{"0":0,"1":0,"2":0,"3":0,"4":0,"5":0,"6":0,"7":0,"8":0,"9":0,"10":0,"11":0,"12":0,"13":0,"14":0,"15":0,"16":0,"17":0,"18":0,"19":0,"20":0,"21":0,"22":0,"23":0,"24":0,"25":0,"26":0,"27":0,"28":0,"29":0,"30":0,"31":0,"32":0,"33":0,"34":0,"35":0,"36":0,"37":0,"38":0,"39":0,"40":0,"41":0,"42":0,"43":0,"44":0,"45":0,"46":0,"47":0,"48":0,"49":0,"50":0,"51":0,"52":0,"53":0,"54":0,"55":0,"56":0,"57":0},"b":{"0":[0,0],"1":[0,0],"2":[0,0],"3":[0,0],"4":[0,0],"5":[0,0],"6":[0,0],"7":[0,0],"8":[0,0],"9":[0,0],"10":[0,0],"11":[0,0],"12":[0,0],"13":[0,0],"14":[0,0],"15":[0,0],"16":[0,0],"17":[0,0],"18":[0,0],"19":[0,0],"20":[0,0],"21":[0,0],"22":[0,0],"23":[0,0],"24":[0,0],"25":[0,0,0],"26":[0,0],"27":[0,0],"28":[0,0],"29":[0,0],"30":[0,0],"31":[0,0],"32":[0,0],"33":[0,0],"34":[0,0],"35":[0,0],"36":[0,0],"37":[0,0],"38":[0,0],"39":[0,0,0,0],"40":[0,0],"41":[0,0],"42":[0,0],"43":[0,0],"44":[0,0],"45":[0,0],"46":[0,0],"47":[0,0],"48":[0,0,0],"49":[0,0],"50":[0,0],"51":[0,0],"52":[0,0],"53":[0,0],"54":[0,0],"55":[0,0],"56":[0,0],"57":[0,0],"58":[0,0]}}
}
