TN:
SF:jsTest\homePrueba.js
FN:15,(anonymous_0)
FN:31,getAuthHeaders
FN:39,getAuthHeadersGoogle
FN:46,decryptData
FN:66,fetchUserMoney
FN:102,(anonymous_5)
FN:115,(anonymous_6)
FN:120,(anonymous_7)
FN:132,(anonymous_8)
FN:141,(anonymous_9)
FN:145,(anonymous_10)
FN:153,(anonymous_11)
FN:160,formatMoney
FN:163,(anonymous_13)
FN:176,(anonymous_14)
FNF:15
FNH:6
FNDA:0,(anonymous_0)
FNDA:1,getAuthHeaders
FNDA:3,getAuthHeadersGoogle
FNDA:2,decryptData
FNDA:2,fetchUserMoney
FNDA:0,(anonymous_5)
FNDA:0,(anonymous_6)
FNDA:0,(anonymous_7)
FNDA:0,(anonymous_8)
FNDA:0,(anonymous_9)
FNDA:0,(anonymous_10)
FNDA:0,(anonymous_11)
FNDA:1,formatMoney
FNDA:1,(anonymous_13)
FNDA:0,(anonymous_14)
DA:1,1
DA:2,1
DA:3,1
DA:4,1
DA:5,1
DA:6,1
DA:7,1
DA:8,1
DA:9,1
DA:10,1
DA:11,1
DA:12,1
DA:13,1
DA:14,1
DA:15,0
DA:16,0
DA:17,0
DA:18,0
DA:19,0
DA:21,0
DA:22,0
DA:26,1
DA:29,0
DA:32,1
DA:33,1
DA:40,3
DA:41,3
DA:47,2
DA:49,2
DA:54,0
DA:56,0
DA:57,0
DA:59,0
DA:61,2
DA:62,2
DA:67,2
DA:68,2
DA:69,2
DA:72,2
DA:73,2
DA:77,0
DA:80,2
DA:81,0
DA:83,2
DA:84,2
DA:85,0
DA:86,0
DA:88,2
DA:89,2
DA:90,2
DA:93,2
DA:101,1
DA:102,1
DA:103,0
DA:116,0
DA:117,0
DA:118,0
DA:120,0
DA:121,0
DA:127,1
DA:129,1
DA:130,1
DA:131,1
DA:132,1
DA:133,0
DA:134,0
DA:135,0
DA:138,1
DA:140,1
DA:141,1
DA:142,0
DA:143,0
DA:144,0
DA:145,0
DA:146,0
DA:150,1
DA:152,1
DA:153,1
DA:154,0
DA:157,1
DA:161,1
DA:163,1
DA:165,1
DA:167,0
DA:177,0
DA:178,0
DA:184,1
DA:185,1
DA:187,1
DA:188,0
DA:191,1
DA:194,1
DA:195,1
DA:200,1
LF:94
LH:59
BRDA:14,0,0,0
BRDA:14,0,1,1
BRDA:17,1,0,0
BRDA:17,1,1,0
BRDA:56,2,0,0
BRDA:56,2,1,0
BRDA:72,3,0,2
BRDA:72,3,1,0
BRDA:80,4,0,0
BRDA:80,4,1,2
BRDA:86,5,0,0
BRDA:86,5,1,0
BRDA:116,6,0,0
BRDA:116,6,1,0
BRDA:165,7,0,0
BRDA:165,7,1,1
BRDA:187,8,0,0
BRDA:187,8,1,1
BRDA:194,9,0,1
BRDA:194,9,1,0
BRDA:195,10,0,1
BRDA:195,10,1,1
BRF:22
BRH:8
end_of_record
TN:
SF:jsTest\loginPrueba.js
FN:3,validateLogin
FN:25,(anonymous_1)
FN:31,(anonymous_2)
FN:44,(anonymous_3)
FN:49,(anonymous_4)
FN:60,(anonymous_5)
FN:65,handleCredentialResponse
FN:84,(anonymous_7)
FN:85,(anonymous_8)
FN:106,(anonymous_9)
FN:123,(anonymous_10)
FN:134,(anonymous_11)
FN:140,initializeGoogleSignIn
FN:154,decryptData
FN:179,(anonymous_14)
FNF:15
FNH:6
FNDA:4,validateLogin
FNDA:4,(anonymous_1)
FNDA:3,(anonymous_2)
FNDA:2,(anonymous_3)
FNDA:2,(anonymous_4)
FNDA:4,(anonymous_5)
FNDA:0,handleCredentialResponse
FNDA:0,(anonymous_7)
FNDA:0,(anonymous_8)
FNDA:0,(anonymous_9)
FNDA:0,(anonymous_10)
FNDA:0,(anonymous_11)
FNDA:0,initializeGoogleSignIn
FNDA:0,decryptData
FNDA:0,(anonymous_14)
DA:2,1
DA:4,4
DA:7,4
DA:8,4
DA:10,4
DA:11,4
DA:13,4
DA:14,4
DA:15,4
DA:16,4
DA:18,4
DA:26,4
DA:27,1
DA:29,3
DA:32,3
DA:33,3
DA:34,3
DA:35,3
DA:36,3
DA:45,2
DA:46,2
DA:50,2
DA:61,4
DA:64,1
DA:66,0
DA:67,0
DA:70,0
DA:71,0
DA:74,0
DA:77,0
DA:84,0
DA:86,0
DA:88,0
DA:89,0
DA:90,0
DA:92,0
DA:93,0
DA:94,0
DA:95,0
DA:98,0
DA:107,0
DA:108,0
DA:112,0
DA:124,0
DA:135,0
DA:141,0
DA:147,0
DA:152,1
DA:153,1
DA:155,0
DA:157,0
DA:162,0
DA:164,0
DA:165,0
DA:167,0
DA:169,0
DA:170,0
DA:174,1
DA:179,1
DA:182,1
DA:183,1
LF:61
LH:30
BRDA:26,0,0,1
BRDA:26,0,1,3
BRDA:89,1,0,0
BRDA:89,1,1,0
BRDA:164,2,0,0
BRDA:164,2,1,0
BRDA:182,3,0,1
BRDA:182,3,1,0
BRDA:182,4,0,1
BRDA:182,4,1,1
BRF:10
BRH:5
end_of_record
