TN:
SF:js\home.js
FN:13,toggleLateralMenu
FN:25,toggleDarkMode
FN:31,logOutUser
FN:44,(anonymous_3)
FN:48,(anonymous_4)
FN:55,formatMoney
FN:59,redirectToAvailableAuction
FN:63,(anonymous_7)
FNF:8
FNH:5
FNDA:1,toggleLateralMenu
FNDA:0,toggleDarkMode
FNDA:1,logOutUser
FNDA:1,(anonymous_3)
FNDA:0,(anonymous_4)
FNDA:1,formatMoney
FNDA:1,redirectToAvailableAuction
FNDA:0,(anonymous_7)
DA:1,1
DA:2,1
DA:3,1
DA:4,1
DA:5,1
DA:6,1
DA:7,1
DA:8,1
DA:9,1
DA:10,1
DA:11,1
DA:14,1
DA:15,0
DA:16,0
DA:17,0
DA:18,0
DA:20,0
DA:21,0
DA:26,0
DA:27,0
DA:28,0
DA:32,1
DA:45,1
DA:46,1
DA:47,1
DA:48,1
DA:49,0
DA:56,1
DA:60,1
DA:63,1
DA:64,0
DA:65,0
DA:66,0
DA:67,0
DA:71,1
DA:72,1
LF:36
LH:22
BRDA:14,0,0,1
BRDA:14,0,1,0
BRDA:14,1,0,1
BRDA:14,1,1,0
BRDA:16,2,0,0
BRDA:16,2,1,0
BRDA:45,3,0,1
BRDA:45,3,1,0
BRDA:71,4,0,1
BRDA:71,4,1,0
BRDA:71,5,0,1
BRDA:71,5,1,1
BRF:12
BRH:6
end_of_record
TN:
SF:js\login.js
FN:2,validateLogin
FN:24,(anonymous_1)
FN:30,(anonymous_2)
FN:43,(anonymous_3)
FN:48,(anonymous_4)
FN:59,(anonymous_5)
FN:64,handleCredentialResponse
FN:83,(anonymous_7)
FN:84,(anonymous_8)
FN:105,(anonymous_9)
FN:122,(anonymous_10)
FN:133,(anonymous_11)
FN:139,initializeGoogleSignIn
FN:153,decryptData
FN:173,(anonymous_14)
FNF:15
FNH:0
FNDA:0,validateLogin
FNDA:0,(anonymous_1)
FNDA:0,(anonymous_2)
FNDA:0,(anonymous_3)
FNDA:0,(anonymous_4)
FNDA:0,(anonymous_5)
FNDA:0,handleCredentialResponse
FNDA:0,(anonymous_7)
FNDA:0,(anonymous_8)
FNDA:0,(anonymous_9)
FNDA:0,(anonymous_10)
FNDA:0,(anonymous_11)
FNDA:0,initializeGoogleSignIn
FNDA:0,decryptData
FNDA:0,(anonymous_14)
DA:3,0
DA:6,0
DA:7,0
DA:9,0
DA:10,0
DA:12,0
DA:13,0
DA:14,0
DA:15,0
DA:17,0
DA:25,0
DA:26,0
DA:28,0
DA:31,0
DA:32,0
DA:33,0
DA:34,0
DA:35,0
DA:44,0
DA:45,0
DA:49,0
DA:60,0
DA:63,0
DA:65,0
DA:66,0
DA:69,0
DA:70,0
DA:73,0
DA:76,0
DA:83,0
DA:85,0
DA:87,0
DA:88,0
DA:89,0
DA:91,0
DA:92,0
DA:93,0
DA:94,0
DA:97,0
DA:106,0
DA:107,0
DA:111,0
DA:123,0
DA:134,0
DA:140,0
DA:146,0
DA:151,0
DA:152,0
DA:154,0
DA:156,0
DA:161,0
DA:163,0
DA:164,0
DA:166,0
DA:168,0
DA:169,0
DA:173,0
LF:57
LH:0
BRDA:25,0,0,0
BRDA:25,0,1,0
BRDA:88,1,0,0
BRDA:88,1,1,0
BRDA:163,2,0,0
BRDA:163,2,1,0
BRF:6
BRH:0
end_of_record
TN:
SF:js\sala.js
FN:31,decryptData
FN:50,getAuthHeaders
FN:60,fetchAuctionData
FN:119,initializeAuctionPage
FN:142,(anonymous_4)
FN:150,(anonymous_5)
FN:171,(anonymous_6)
FN:179,(anonymous_7)
FN:215,generateRanking
FN:225,(anonymous_9)
FN:256,generateRankingTopic
FN:260,(anonymous_11)
FN:297,formatMoney
FN:306,updateTimer
FN:335,handleBid
FN:355,sanitizeInput
FN:360,isValidBid
FN:365,hasSufficientFunds
FN:370,showAlert
FN:383,placeBid
FN:419,disableBidButton
FN:426,resetBidInput
FN:434,(anonymous_22)
FN:440,(anonymous_23)
FN:453,(anonymous_24)
FN:459,(anonymous_25)
FN:477,(anonymous_26)
FN:482,(anonymous_27)
FN:488,(anonymous_28)
FN:492,(anonymous_29)
FN:505,(anonymous_30)
FN:514,(anonymous_31)
FN:520,(anonymous_32)
FN:530,fetchUserData
FN:551,(anonymous_34)
FN:555,(anonymous_35)
FN:562,connectWebSocket
FN:577,(anonymous_37)
FN:597,(anonymous_38)
FN:641,(anonymous_39)
FN:649,(anonymous_40)
FN:658,handleAuctionFinalized
FN:669,(anonymous_42)
FN:680,(anonymous_43)
FN:692,(anonymous_44)
FN:703,(anonymous_45)
FN:707,triggerExitAction
FN:714,(anonymous_47)
FN:719,(anonymous_48)
FN:723,updatemoney
FN:737,sendMessage
FN:755,displayMessage
FN:780,(anonymous_52)
FN:794,(anonymous_53)
FN:814,(anonymous_54)
FN:825,(anonymous_55)
FN:839,showPopup
FN:843,(anonymous_57)
FNF:58
FNH:0
FNDA:0,decryptData
FNDA:0,getAuthHeaders
FNDA:0,fetchAuctionData
FNDA:0,initializeAuctionPage
FNDA:0,(anonymous_4)
FNDA:0,(anonymous_5)
FNDA:0,(anonymous_6)
FNDA:0,(anonymous_7)
FNDA:0,generateRanking
FNDA:0,(anonymous_9)
FNDA:0,generateRankingTopic
FNDA:0,(anonymous_11)
FNDA:0,formatMoney
FNDA:0,updateTimer
FNDA:0,handleBid
FNDA:0,sanitizeInput
FNDA:0,isValidBid
FNDA:0,hasSufficientFunds
FNDA:0,showAlert
FNDA:0,placeBid
FNDA:0,disableBidButton
FNDA:0,resetBidInput
FNDA:0,(anonymous_22)
FNDA:0,(anonymous_23)
FNDA:0,(anonymous_24)
FNDA:0,(anonymous_25)
FNDA:0,(anonymous_26)
FNDA:0,(anonymous_27)
FNDA:0,(anonymous_28)
FNDA:0,(anonymous_29)
FNDA:0,(anonymous_30)
FNDA:0,(anonymous_31)
FNDA:0,(anonymous_32)
FNDA:0,fetchUserData
FNDA:0,(anonymous_34)
FNDA:0,(anonymous_35)
FNDA:0,connectWebSocket
FNDA:0,(anonymous_37)
FNDA:0,(anonymous_38)
FNDA:0,(anonymous_39)
FNDA:0,(anonymous_40)
FNDA:0,handleAuctionFinalized
FNDA:0,(anonymous_42)
FNDA:0,(anonymous_43)
FNDA:0,(anonymous_44)
FNDA:0,(anonymous_45)
FNDA:0,triggerExitAction
FNDA:0,(anonymous_47)
FNDA:0,(anonymous_48)
FNDA:0,updatemoney
FNDA:0,sendMessage
FNDA:0,displayMessage
FNDA:0,(anonymous_52)
FNDA:0,(anonymous_53)
FNDA:0,(anonymous_54)
FNDA:0,(anonymous_55)
FNDA:0,showPopup
FNDA:0,(anonymous_57)
DA:3,0
DA:4,0
DA:5,0
DA:6,0
DA:7,0
DA:8,0
DA:9,0
DA:10,0
DA:11,0
DA:12,0
DA:13,0
DA:14,0
DA:15,0
DA:16,0
DA:17,0
DA:18,0
DA:21,0
DA:22,0
DA:27,0
DA:28,0
DA:29,0
DA:32,0
DA:34,0
DA:39,0
DA:41,0
DA:42,0
DA:44,0
DA:46,0
DA:47,0
DA:51,0
DA:52,0
DA:57,0
DA:58,0
DA:61,0
DA:62,0
DA:63,0
DA:64,0
DA:65,0
DA:66,0
DA:69,0
DA:72,0
DA:75,0
DA:76,0
DA:77,0
DA:78,0
DA:80,0
DA:83,0
DA:86,0
DA:88,0
DA:89,0
DA:90,0
DA:94,0
DA:108,0
DA:109,0
DA:112,0
DA:114,0
DA:120,0
DA:123,0
DA:125,0
DA:126,0
DA:127,0
DA:130,0
DA:131,0
DA:133,0
DA:134,0
DA:135,0
DA:136,0
DA:137,0
DA:138,0
DA:139,0
DA:142,0
DA:143,0
DA:144,0
DA:145,0
DA:149,0
DA:151,0
DA:153,0
DA:154,0
DA:155,0
DA:156,0
DA:158,0
DA:159,0
DA:160,0
DA:166,0
DA:167,0
DA:168,0
DA:169,0
DA:171,0
DA:172,0
DA:173,0
DA:174,0
DA:178,0
DA:180,0
DA:182,0
DA:183,0
DA:184,0
DA:191,0
DA:192,0
DA:193,0
DA:194,0
DA:199,0
DA:200,0
DA:201,0
DA:202,0
DA:203,0
DA:205,0
DA:209,0
DA:210,0
DA:211,0
DA:216,0
DA:217,0
DA:219,0
DA:220,0
DA:223,0
DA:225,0
DA:226,0
DA:227,0
DA:230,0
DA:231,0
DA:232,0
DA:233,0
DA:234,0
DA:235,0
DA:236,0
DA:239,0
DA:240,0
DA:245,0
DA:246,0
DA:252,0
DA:257,0
DA:259,0
DA:260,0
DA:261,0
DA:262,0
DA:264,0
DA:265,0
DA:266,0
DA:267,0
DA:270,0
DA:271,0
DA:274,0
DA:275,0
DA:276,0
DA:277,0
DA:278,0
DA:279,0
DA:280,0
DA:283,0
DA:285,0
DA:289,0
DA:294,0
DA:298,0
DA:301,0
DA:302,0
DA:303,0
DA:304,0
DA:308,0
DA:309,0
DA:310,0
DA:312,0
DA:313,0
DA:314,0
DA:315,0
DA:317,0
DA:319,0
DA:320,0
DA:322,0
DA:323,0
DA:325,0
DA:326,0
DA:327,0
DA:328,0
DA:329,0
DA:336,0
DA:337,0
DA:338,0
DA:340,0
DA:341,0
DA:342,0
DA:345,0
DA:346,0
DA:347,0
DA:350,0
DA:351,0
DA:356,0
DA:361,0
DA:366,0
DA:371,0
DA:384,0
DA:386,0
DA:389,0
DA:398,0
DA:399,0
DA:408,0
DA:409,0
DA:412,0
DA:414,0
DA:420,0
DA:421,0
DA:422,0
DA:427,0
DA:431,0
DA:434,0
DA:435,0
DA:436,0
DA:440,0
DA:441,0
DA:442,0
DA:443,0
DA:444,0
DA:447,0
DA:448,0
DA:450,0
DA:451,0
DA:452,0
DA:453,0
DA:454,0
DA:459,0
DA:460,0
DA:462,0
DA:463,0
DA:464,0
DA:465,0
DA:467,0
DA:468,0
DA:470,0
DA:471,0
DA:472,0
DA:475,0
DA:477,0
DA:478,0
DA:479,0
DA:480,0
DA:482,0
DA:484,0
DA:485,0
DA:486,0
DA:487,0
DA:488,0
DA:489,0
DA:492,0
DA:493,0
DA:506,0
DA:508,0
DA:511,0
DA:514,0
DA:515,0
DA:517,0
DA:520,0
DA:521,0
DA:527,0
DA:531,0
DA:532,0
DA:535,0
DA:536,0
DA:537,0
DA:538,0
DA:539,0
DA:541,0
DA:542,0
DA:551,0
DA:552,0
DA:553,0
DA:554,0
DA:556,0
DA:563,0
DA:565,0
DA:567,0
DA:568,0
DA:569,0
DA:571,0
DA:573,0
DA:574,0
DA:575,0
DA:577,0
DA:578,0
DA:579,0
DA:583,0
DA:587,0
DA:591,0
DA:592,0
DA:593,0
DA:594,0
DA:597,0
DA:598,0
DA:599,0
DA:600,0
DA:601,0
DA:602,0
DA:604,0
DA:606,0
DA:607,0
DA:609,0
DA:610,0
DA:611,0
DA:612,0
DA:614,0
DA:615,0
DA:617,0
DA:618,0
DA:619,0
DA:621,0
DA:622,0
DA:624,0
DA:625,0
DA:626,0
DA:628,0
DA:629,0
DA:631,0
DA:632,0
DA:634,0
DA:635,0
DA:636,0
DA:637,0
DA:641,0
DA:642,0
DA:643,0
DA:644,0
DA:645,0
DA:649,0
DA:650,0
DA:654,0
DA:659,0
DA:660,0
DA:669,0
DA:670,0
DA:671,0
DA:680,0
DA:681,0
DA:682,0
DA:692,0
DA:694,0
DA:703,0
DA:708,0
DA:711,0
DA:714,0
DA:715,0
DA:717,0
DA:719,0
DA:720,0
DA:724,0
DA:725,0
DA:728,0
DA:729,0
DA:730,0
DA:732,0
DA:733,0
DA:738,0
DA:745,0
DA:752,0
DA:756,0
DA:757,0
DA:760,0
DA:761,0
DA:763,0
DA:766,0
DA:775,0
DA:776,0
DA:780,0
DA:782,0
DA:783,0
DA:785,0
DA:795,0
DA:796,0
DA:802,0
DA:803,0
DA:804,0
DA:807,0
DA:810,0
DA:811,0
DA:814,0
DA:815,0
DA:816,0
DA:818,0
DA:819,0
DA:820,0
DA:825,0
DA:826,0
DA:827,0
DA:828,0
DA:829,0
DA:830,0
DA:836,0
DA:840,0
DA:843,0
DA:844,0
LF:386
LH:0
BRDA:41,0,0,0
BRDA:41,0,1,0
BRDA:64,1,0,0
BRDA:64,1,1,0
BRDA:75,2,0,0
BRDA:75,2,1,0
BRDA:86,3,0,0
BRDA:86,3,1,0
BRDA:130,4,0,0
BRDA:130,4,1,0
BRDA:131,5,0,0
BRDA:131,5,1,0
BRDA:151,6,0,0
BRDA:151,6,1,0
BRDA:180,7,0,0
BRDA:180,7,1,0
BRDA:202,8,0,0
BRDA:202,8,1,0
BRDA:202,9,0,0
BRDA:202,9,1,0
BRDA:219,10,0,0
BRDA:219,10,1,0
BRDA:230,11,0,0
BRDA:230,11,1,0
BRDA:230,12,0,0
BRDA:230,12,1,0
BRDA:231,13,0,0
BRDA:231,13,1,0
BRDA:233,14,0,0
BRDA:233,14,1,0
BRDA:235,15,0,0
BRDA:235,15,1,0
BRDA:264,16,0,0
BRDA:264,16,1,0
BRDA:274,17,0,0
BRDA:274,17,1,0
BRDA:275,18,0,0
BRDA:275,18,1,0
BRDA:277,19,0,0
BRDA:277,19,1,0
BRDA:279,20,0,0
BRDA:279,20,1,0
BRDA:313,21,0,0
BRDA:313,21,1,0
BRDA:322,22,0,0
BRDA:322,22,1,0
BRDA:340,23,0,0
BRDA:340,23,1,0
BRDA:345,24,0,0
BRDA:345,24,1,0
BRDA:361,25,0,0
BRDA:361,25,1,0
BRDA:361,25,2,0
BRDA:408,26,0,0
BRDA:408,26,1,0
BRDA:421,27,0,0
BRDA:421,27,1,0
BRDA:422,28,0,0
BRDA:422,28,1,0
BRDA:435,29,0,0
BRDA:435,29,1,0
BRDA:442,30,0,0
BRDA:442,30,1,0
BRDA:450,31,0,0
BRDA:450,31,1,0
BRDA:467,32,0,0
BRDA:467,32,1,0
BRDA:475,33,0,0
BRDA:475,33,1,0
BRDA:506,34,0,0
BRDA:506,34,1,0
BRDA:535,35,0,0
BRDA:535,35,1,0
BRDA:599,36,0,0
BRDA:599,36,1,0
BRDA:601,37,0,0
BRDA:601,37,1,0
BRDA:607,38,0,0
BRDA:607,38,1,0
BRDA:612,39,0,0
BRDA:612,39,1,0
BRDA:612,39,2,0
BRDA:612,39,3,0
BRDA:621,40,0,0
BRDA:621,40,1,0
BRDA:621,41,0,0
BRDA:621,41,1,0
BRDA:634,42,0,0
BRDA:634,42,1,0
BRDA:659,43,0,0
BRDA:659,43,1,0
BRDA:659,44,0,0
BRDA:659,44,1,0
BRDA:670,45,0,0
BRDA:670,45,1,0
BRDA:670,46,0,0
BRDA:670,46,1,0
BRDA:681,47,0,0
BRDA:681,47,1,0
BRDA:681,48,0,0
BRDA:681,48,1,0
BRDA:681,48,2,0
BRDA:728,49,0,0
BRDA:728,49,1,0
BRDA:760,50,0,0
BRDA:760,50,1,0
BRDA:783,51,0,0
BRDA:783,51,1,0
BRDA:783,52,0,0
BRDA:783,52,1,0
BRDA:803,53,0,0
BRDA:803,53,1,0
BRDA:810,54,0,0
BRDA:810,54,1,0
BRDA:811,55,0,0
BRDA:811,55,1,0
BRDA:818,56,0,0
BRDA:818,56,1,0
BRDA:826,57,0,0
BRDA:826,57,1,0
BRDA:828,58,0,0
BRDA:828,58,1,0
BRF:122
BRH:0
end_of_record
